This file contains any messages produced by compilers while
running configure, to aid debugging if configure makes a mistake.

It was created by gsoap configure 2.8, which was
generated by GNU Autoconf 2.71.  Invocation command line was

  $ ./configure --with-openssl=/opt/local

## --------- ##
## Platform. ##
## --------- ##

hostname = RE.local
uname -m = arm64
uname -r = 21.6.0
uname -s = Darwin
uname -v = Darwin Kernel Version 21.6.0: Wed Aug 10 14:28:23 PDT 2022; root:xnu-8020.141.5~2/RELEASE_ARM64_T6000

/usr/bin/uname -p = arm
/bin/uname -X     = unknown

/bin/arch              = unknown
/usr/bin/arch -k       = unknown
/usr/convex/getsysinfo = unknown
/usr/bin/hostinfo      = Mach kernel version:
	 Darwin Kernel Version 21.6.0: Wed Aug 10 14:28:23 PDT 2022; root:xnu-8020.141.5~2/RELEASE_ARM64_T6000
Kernel configured for up to 10 processors.
10 processors are physically available.
10 processors are logically available.
Processor type: arm64e (ARM64E)
Processors active: 0 1 2 3 4 5 6 7 8 9
Primary memory available: 16.00 gigabytes
Default processor set: 559 tasks, 2697 threads, 10 processors
Load average: 3.21, Mach factor: 6.78
/bin/machine           = unknown
/usr/bin/oslevel       = unknown
/bin/universe          = unknown

PATH: /opt/homebrew/bin/
PATH: /usr/local/opt/bison/bin/
PATH: /opt/local/bin/
PATH: /opt/local/sbin/
PATH: /Applications/SWI-Prolog.app/Contents/MacOS/
PATH: /opt/homebrew/bin/
PATH: /usr/local/opt/bison/bin/
PATH: /opt/local/bin/
PATH: /opt/local/sbin/
PATH: /Applications/SWI-Prolog.app/Contents/MacOS/
PATH: /usr/local/bin/
PATH: /usr/bin/
PATH: /bin/
PATH: /usr/sbin/
PATH: /sbin/
PATH: /Library/TeX/texbin/
PATH: /opt/X11/bin/
PATH: /Library/Apple/usr/bin/
PATH: /Applications/Wireshark.app/Contents/MacOS/
PATH: /usr/X11R6/bin/
PATH: /Users/engelen/bin/
PATH: /usr/local/bin/
PATH: /Users/engelen/Library/Python/2.7/bin/
PATH: /Users/engelen/cov-analysis-macosx-2017.07/bin/
PATH: /Applications/microchip/xc32/v2.10/bin/
PATH: /usr/X11R6/bin/
PATH: /Users/engelen/bin/
PATH: /usr/local/bin/
PATH: /Users/engelen/Library/Python/2.7/bin/
PATH: /Users/engelen/cov-analysis-macosx-2017.07/bin/
PATH: /Applications/microchip/xc32/v2.10/bin/


## ----------- ##
## Core tests. ##
## ----------- ##

configure:2830: looking for aux files: compile config.guess config.sub missing install-sh
configure:2843:  trying ./
configure:2872:   ./compile found
configure:2872:   ./config.guess found
configure:2872:   ./config.sub found
configure:2872:   ./missing found
configure:2854:   ./install-sh found
configure:3001: checking for a BSD-compatible install
configure:3074: result: /opt/local/bin/ginstall -c
configure:3085: checking whether build environment is sane
configure:3140: result: yes
configure:3299: checking for a race-free mkdir -p
configure:3343: result: /opt/local/bin/gmkdir -p
configure:3350: checking for gawk
configure:3385: result: no
configure:3350: checking for mawk
configure:3385: result: no
configure:3350: checking for nawk
configure:3385: result: no
configure:3350: checking for awk
configure:3371: found /usr/bin/awk
configure:3382: result: awk
configure:3393: checking whether make sets $(MAKE)
configure:3416: result: yes
configure:3446: checking whether make supports nested variables
configure:3464: result: yes
configure:3607: checking build system type
configure:3622: result: arm-apple-darwin21.6.0
configure:3642: checking host system type
configure:3656: result: arm-apple-darwin21.6.0
configure:3681: checking whether make sets $(MAKE)
configure:3704: result: yes
configure:3783: checking for g++
configure:3804: found /usr/bin/g++
configure:3815: result: g++
configure:3842: checking for C++ compiler version
configure:3851: g++ --version >&5
Apple clang version 14.0.0 (clang-1400.0.29.102)
Target: arm64-apple-darwin21.6.0
Thread model: posix
InstalledDir: /Applications/Xcode.app/Contents/Developer/Toolchains/XcodeDefault.xctoolchain/usr/bin
configure:3862: $? = 0
configure:3851: g++ -v >&5
Apple clang version 14.0.0 (clang-1400.0.29.102)
Target: arm64-apple-darwin21.6.0
Thread model: posix
InstalledDir: /Applications/Xcode.app/Contents/Developer/Toolchains/XcodeDefault.xctoolchain/usr/bin
configure:3862: $? = 0
configure:3851: g++ -V >&5
clang: error: argument to '-V' is missing (expected 1 value)
clang: error: no input files
configure:3862: $? = 1
configure:3851: g++ -qversion >&5
clang: error: unknown argument '-qversion'; did you mean '--version'?
clang: error: no input files
configure:3862: $? = 1
configure:3882: checking whether the C++ compiler works
configure:3904: g++    conftest.cpp  >&5
configure:3908: $? = 0
configure:3958: result: yes
configure:3961: checking for C++ compiler default output file name
configure:3963: result: a.out
configure:3969: checking for suffix of executables
configure:3976: g++ -o conftest    conftest.cpp  >&5
configure:3980: $? = 0
configure:4003: result: 
configure:4025: checking whether we are cross compiling
configure:4033: g++ -o conftest    conftest.cpp  >&5
configure:4037: $? = 0
configure:4044: ./conftest
configure:4048: $? = 0
configure:4063: result: no
configure:4068: checking for suffix of object files
configure:4091: g++ -c   conftest.cpp >&5
configure:4095: $? = 0
configure:4117: result: o
configure:4121: checking whether the compiler supports GNU C++
configure:4141: g++ -c   conftest.cpp >&5
configure:4141: $? = 0
configure:4151: result: yes
configure:4162: checking whether g++ accepts -g
configure:4183: g++ -c -g  conftest.cpp >&5
configure:4183: $? = 0
configure:4227: result: yes
configure:4247: checking for g++ option to enable C++11 features
configure:4262: g++  -c -g -O2  conftest.cpp >&5
conftest.cpp:57:3: error: "Compiler does not advertise C++11 conformance"
# error "Compiler does not advertise C++11 conformance"
  ^
conftest.cpp:62:3: error: unknown type name 'constexpr'
  constexpr int get_val() { return 20; }
  ^
conftest.cpp:74:17: error: delegating constructors are permitted only in C++11
    delegate(): delegate(2354) {}
                ^~~~~~~~
conftest.cpp:85:26: warning: 'override' keyword is a C++11 extension [-Wc++11-extensions]
    virtual int getval() override final { return this->n * 2; }
                         ^
conftest.cpp:85:35: warning: 'final' keyword is a C++11 extension [-Wc++11-extensions]
    virtual int getval() override final { return this->n * 2; }
                                  ^
conftest.cpp:92:16: warning: defaulted function definitions are a C++11 extension [-Wc++11-extensions]
    nocopy() = default;
               ^
conftest.cpp:93:29: warning: deleted function definitions are a C++11 extension [-Wc++11-extensions]
    nocopy(const nocopy&) = delete;
                            ^
conftest.cpp:94:41: warning: deleted function definitions are a C++11 extension [-Wc++11-extensions]
    nocopy & operator=(const nocopy&) = delete;
                                        ^
conftest.cpp:106:25: warning: 'auto' type specifier is a C++11 extension [-Wc++11-extensions]
  template <typename V> auto sum(V first) -> V
                        ^
conftest.cpp:106:25: error: 'auto' not allowed in function return type
  template <typename V> auto sum(V first) -> V
                        ^~~~
conftest.cpp:106:42: error: expected ';' at end of declaration
  template <typename V> auto sum(V first) -> V
                                         ^
                                         ;
conftest.cpp:106:43: error: cannot use arrow operator on a type
  template <typename V> auto sum(V first) -> V
                                          ^
conftest.cpp:110:33: warning: variadic templates are a C++11 extension [-Wc++11-extensions]
  template <typename V, typename... Args> auto sum(V first, Args... rest) -> V
                                ^
conftest.cpp:110:43: warning: 'auto' type specifier is a C++11 extension [-Wc++11-extensions]
  template <typename V, typename... Args> auto sum(V first, Args... rest) -> V
                                          ^
conftest.cpp:110:43: error: 'auto' not allowed in function return type
  template <typename V, typename... Args> auto sum(V first, Args... rest) -> V
                                          ^~~~
conftest.cpp:110:74: error: expected ';' at end of declaration
  template <typename V, typename... Args> auto sum(V first, Args... rest) -> V
                                                                         ^
                                                                         ;
conftest.cpp:110:75: error: cannot use arrow operator on a type
  template <typename V, typename... Args> auto sum(V first, Args... rest) -> V
                                                                          ^
conftest.cpp:134:3: warning: 'auto' type specifier is a C++11 extension [-Wc++11-extensions]
  auto a1 = 6538;
  ^
conftest.cpp:135:3: warning: 'auto' type specifier is a C++11 extension [-Wc++11-extensions]
  auto a2 = 48573953.4;
  ^
conftest.cpp:136:3: warning: 'auto' type specifier is a C++11 extension [-Wc++11-extensions]
  auto a3 = "String literal";
  ^
conftest.cpp:139:8: warning: 'auto' type specifier is a C++11 extension [-Wc++11-extensions]
  for (auto i = a3; *i; ++i) { total += *i; }
       ^
conftest.cpp:155:8: warning: 'auto' type specifier is a C++11 extension [-Wc++11-extensions]
  for (auto &x : array) { x += 23; }
       ^
conftest.cpp:155:16: warning: range-based for loop is a C++11 extension [-Wc++11-extensions]
  for (auto &x : array) { x += 23; }
               ^
conftest.cpp:160:17: error: expected expression
  assert (eval ([](int x) { return x*2; }, 21) == 42);
                ^
conftest.cpp:162:17: error: expected expression
  assert (eval ([&](double x) { return d += x; }, 3.0) == 5.0);
                ^
conftest.cpp:164:17: error: expected expression
  assert (eval ([=](double x) mutable { return d += x; }, 4.0) == 9.0);
                ^
conftest.cpp:170:3: warning: 'auto' type specifier is a C++11 extension [-Wc++11-extensions]
  auto a = sum(1);
  ^
conftest.cpp:170:12: error: no matching function for call to 'sum'
  auto a = sum(1);
           ^~~
conftest.cpp:171:3: warning: 'auto' type specifier is a C++11 extension [-Wc++11-extensions]
  auto b = sum(1, 2);
  ^
conftest.cpp:171:12: error: no matching function for call to 'sum'
  auto b = sum(1, 2);
           ^~~
conftest.cpp:172:3: warning: 'auto' type specifier is a C++11 extension [-Wc++11-extensions]
  auto c = sum(1.0, 2.0, 3.0);
  ^
conftest.cpp:172:12: error: no matching function for call to 'sum'
  auto c = sum(1.0, 2.0, 3.0);
           ^~~
conftest.cpp:177:25: warning: empty parentheses interpreted as a function declaration [-Wvexing-parse]
  cxx11test::delegate d2();
                        ^~
conftest.cpp:177:25: note: remove parentheses to declare a variable
  cxx11test::delegate d2();
                        ^~
conftest.cpp:190:16: error: found '<::' after a template name which forms the digraph '<:' (aka '[') and a ':', did you mean '< ::'?
  test_template<::test_template<int>> v(test_template<int>(12));
               ^~~
               < ::
conftest.cpp:190:36: error: a space is required between consecutive right angle brackets (use '> >')
  test_template<::test_template<int>> v(test_template<int>(12));
                                   ^~
                                   > >
conftest.cpp:194:22: error: use of undeclared identifier 'u8'
  char const *utf8 = u8"UTF-8 string \u2500";
                     ^
conftest.cpp:194:24: error: expected ';' at end of declaration
  char const *utf8 = u8"UTF-8 string \u2500";
                       ^
                       ;
fatal error: too many errors emitted, stopping now [-ferror-limit=]
18 warnings and 20 errors generated.
configure:4262: $? = 1
configure: failed program was:
| /* confdefs.h */
| #define PACKAGE_NAME "gsoap"
| #define PACKAGE_TARNAME "gsoap"
| #define PACKAGE_VERSION "2.8"
| #define PACKAGE_STRING "gsoap 2.8"
| #define PACKAGE_BUGREPORT ""
| #define PACKAGE_URL ""
| #define PACKAGE "gsoap"
| #define VERSION "2.8"
| /* end confdefs.h.  */
| 
| // Does the compiler advertise C++98 conformance?
| #if !defined __cplusplus || __cplusplus < 199711L
| # error "Compiler does not advertise C++98 conformance"
| #endif
| 
| // These inclusions are to reject old compilers that
| // lack the unsuffixed header files.
| #include <cstdlib>
| #include <exception>
| 
| // <cassert> and <cstring> are *not* freestanding headers in C++98.
| extern void assert (int);
| namespace std {
|   extern int strcmp (const char *, const char *);
| }
| 
| // Namespaces, exceptions, and templates were all added after "C++ 2.0".
| using std::exception;
| using std::strcmp;
| 
| namespace {
| 
| void test_exception_syntax()
| {
|   try {
|     throw "test";
|   } catch (const char *s) {
|     // Extra parentheses suppress a warning when building autoconf itself,
|     // due to lint rules shared with more typical C programs.
|     assert (!(strcmp) (s, "test"));
|   }
| }
| 
| template <typename T> struct test_template
| {
|   T const val;
|   explicit test_template(T t) : val(t) {}
|   template <typename U> T add(U u) { return static_cast<T>(u) + val; }
| };
| 
| } // anonymous namespace
| 
| 
| // Does the compiler advertise C++ 2011 conformance?
| #if !defined __cplusplus || __cplusplus < 201103L
| # error "Compiler does not advertise C++11 conformance"
| #endif
| 
| namespace cxx11test
| {
|   constexpr int get_val() { return 20; }
| 
|   struct testinit
|   {
|     int i;
|     double d;
|   };
| 
|   class delegate
|   {
|   public:
|     delegate(int n) : n(n) {}
|     delegate(): delegate(2354) {}
| 
|     virtual int getval() { return this->n; };
|   protected:
|     int n;
|   };
| 
|   class overridden : public delegate
|   {
|   public:
|     overridden(int n): delegate(n) {}
|     virtual int getval() override final { return this->n * 2; }
|   };
| 
|   class nocopy
|   {
|   public:
|     nocopy(int i): i(i) {}
|     nocopy() = default;
|     nocopy(const nocopy&) = delete;
|     nocopy & operator=(const nocopy&) = delete;
|   private:
|     int i;
|   };
| 
|   // for testing lambda expressions
|   template <typename Ret, typename Fn> Ret eval(Fn f, Ret v)
|   {
|     return f(v);
|   }
| 
|   // for testing variadic templates and trailing return types
|   template <typename V> auto sum(V first) -> V
|   {
|     return first;
|   }
|   template <typename V, typename... Args> auto sum(V first, Args... rest) -> V
|   {
|     return first + sum(rest...);
|   }
| }
| 
| 
| int
| main (int argc, char **argv)
| {
|   int ok = 0;
|   
|   assert (argc);
|   assert (! argv[0]);
| {
|   test_exception_syntax ();
|   test_template<double> tt (2.0);
|   assert (tt.add (4) == 6.0);
|   assert (true && !false);
| }
| 
|   
| {
|   // Test auto and decltype
|   auto a1 = 6538;
|   auto a2 = 48573953.4;
|   auto a3 = "String literal";
| 
|   int total = 0;
|   for (auto i = a3; *i; ++i) { total += *i; }
| 
|   decltype(a2) a4 = 34895.034;
| }
| {
|   // Test constexpr
|   short sa[cxx11test::get_val()] = { 0 };
| }
| {
|   // Test initializer lists
|   cxx11test::testinit il = { 4323, 435234.23544 };
| }
| {
|   // Test range-based for
|   int array[] = {9, 7, 13, 15, 4, 18, 12, 10, 5, 3,
|                  14, 19, 17, 8, 6, 20, 16, 2, 11, 1};
|   for (auto &x : array) { x += 23; }
| }
| {
|   // Test lambda expressions
|   using cxx11test::eval;
|   assert (eval ([](int x) { return x*2; }, 21) == 42);
|   double d = 2.0;
|   assert (eval ([&](double x) { return d += x; }, 3.0) == 5.0);
|   assert (d == 5.0);
|   assert (eval ([=](double x) mutable { return d += x; }, 4.0) == 9.0);
|   assert (d == 5.0);
| }
| {
|   // Test use of variadic templates
|   using cxx11test::sum;
|   auto a = sum(1);
|   auto b = sum(1, 2);
|   auto c = sum(1.0, 2.0, 3.0);
| }
| {
|   // Test constructor delegation
|   cxx11test::delegate d1;
|   cxx11test::delegate d2();
|   cxx11test::delegate d3(45);
| }
| {
|   // Test override and final
|   cxx11test::overridden o1(55464);
| }
| {
|   // Test nullptr
|   char *c = nullptr;
| }
| {
|   // Test template brackets
|   test_template<::test_template<int>> v(test_template<int>(12));
| }
| {
|   // Unicode literals
|   char const *utf8 = u8"UTF-8 string \u2500";
|   char16_t const *utf16 = u"UTF-8 string \u2500";
|   char32_t const *utf32 = U"UTF-32 string \u2500";
| }
| 
|   return ok;
| }
| 
configure:4280: result: none needed
configure:4347: checking whether make supports the include directive
configure:4362: make -f confmf.GNU && cat confinc.out
this is the am__doit target
configure:4365: $? = 0
configure:4384: result: yes (GNU style)
configure:4410: checking dependency style of g++
configure:4522: result: gcc3
configure:4599: checking for gcc
configure:4620: found /usr/bin/gcc
configure:4631: result: gcc
configure:4984: checking for C compiler version
configure:4993: gcc --version >&5
Apple clang version 14.0.0 (clang-1400.0.29.102)
Target: arm64-apple-darwin21.6.0
Thread model: posix
InstalledDir: /Applications/Xcode.app/Contents/Developer/Toolchains/XcodeDefault.xctoolchain/usr/bin
configure:5004: $? = 0
configure:4993: gcc -v >&5
Apple clang version 14.0.0 (clang-1400.0.29.102)
Target: arm64-apple-darwin21.6.0
Thread model: posix
InstalledDir: /Applications/Xcode.app/Contents/Developer/Toolchains/XcodeDefault.xctoolchain/usr/bin
configure:5004: $? = 0
configure:4993: gcc -V >&5
clang: error: argument to '-V' is missing (expected 1 value)
clang: error: no input files
configure:5004: $? = 1
configure:4993: gcc -qversion >&5
clang: error: unknown argument '-qversion'; did you mean '--version'?
clang: error: no input files
configure:5004: $? = 1
configure:4993: gcc -version >&5
clang: error: unknown argument '-version'; did you mean '--version'?
clang: error: no input files
configure:5004: $? = 1
configure:5008: checking whether the compiler supports GNU C
configure:5028: gcc -c   conftest.c >&5
configure:5028: $? = 0
configure:5038: result: yes
configure:5049: checking whether gcc accepts -g
configure:5070: gcc -c -g  conftest.c >&5
configure:5070: $? = 0
configure:5114: result: yes
configure:5134: checking for gcc option to enable C11 features
configure:5149: gcc  -c -g -O2  conftest.c >&5
configure:5149: $? = 0
configure:5167: result: none needed
configure:5283: checking whether gcc understands -c and -o together
configure:5306: gcc -c conftest.c -o conftest2.o
configure:5309: $? = 0
configure:5306: gcc -c conftest.c -o conftest2.o
configure:5309: $? = 0
configure:5321: result: yes
configure:5340: checking dependency style of gcc
configure:5452: result: gcc3
configure:5473: checking for flex
configure:5494: found /opt/local/bin/flex
configure:5505: result: flex
configure:5554: checking for lex output file root
configure:5567: flex conftest.l
configure:5571: $? = 0
configure:5579: result: lex.yy
configure:5594: checking for lex library
configure:5619: gcc -o conftest -g -O2   conftest.c  >&5
configure:5619: $? = 0
configure:5632: result: none needed
configure:5647: checking for library containing yywrap
configure:5677: gcc -o conftest -g -O2   conftest.c  >&5
Undefined symbols for architecture arm64:
  "_yywrap", referenced from:
      _main in conftest-33bf2d.o
ld: symbol(s) not found for architecture arm64
clang: error: linker command failed with exit code 1 (use -v to see invocation)
configure:5677: $? = 1
configure: failed program was:
| /* confdefs.h */
| #define PACKAGE_NAME "gsoap"
| #define PACKAGE_TARNAME "gsoap"
| #define PACKAGE_VERSION "2.8"
| #define PACKAGE_STRING "gsoap 2.8"
| #define PACKAGE_BUGREPORT ""
| #define PACKAGE_URL ""
| #define PACKAGE "gsoap"
| #define VERSION "2.8"
| /* end confdefs.h.  */
| 
| /* Override any GCC internal prototype to avoid an error.
|    Use char because int might match the return type of a GCC
|    builtin and then its argument prototype would still apply.  */
| char yywrap ();
| int
| main (void)
| {
| return yywrap ();
|   ;
|   return 0;
| }
configure:5677: gcc -o conftest -g -O2   conftest.c -lfl   >&5
ld: library not found for -lfl
clang: error: linker command failed with exit code 1 (use -v to see invocation)
configure:5677: $? = 1
configure: failed program was:
| /* confdefs.h */
| #define PACKAGE_NAME "gsoap"
| #define PACKAGE_TARNAME "gsoap"
| #define PACKAGE_VERSION "2.8"
| #define PACKAGE_STRING "gsoap 2.8"
| #define PACKAGE_BUGREPORT ""
| #define PACKAGE_URL ""
| #define PACKAGE "gsoap"
| #define VERSION "2.8"
| /* end confdefs.h.  */
| 
| /* Override any GCC internal prototype to avoid an error.
|    Use char because int might match the return type of a GCC
|    builtin and then its argument prototype would still apply.  */
| char yywrap ();
| int
| main (void)
| {
| return yywrap ();
|   ;
|   return 0;
| }
configure:5677: gcc -o conftest -g -O2   conftest.c -ll   >&5
ld: warning: object file (/Applications/Xcode.app/Contents/Developer/Platforms/MacOSX.platform/Developer/SDKs/MacOSX.sdk/usr/lib/libl.a(libmain.o)) was built for newer macOS version (12.3) than being linked (12.0)
ld: warning: object file (/Applications/Xcode.app/Contents/Developer/Platforms/MacOSX.platform/Developer/SDKs/MacOSX.sdk/usr/lib/libl.a(libyywrap.o)) was built for newer macOS version (12.3) than being linked (12.0)
configure:5677: $? = 0
configure:5697: result: -ll
configure:5713: checking whether yytext is a pointer
configure:5729: gcc -c -g -O2  conftest.c >&5
configure:5729: $? = 0
configure:5736: result: yes
configure:5755: checking for bison
configure:5776: found /opt/local/bin/bison
configure:5787: result: bison -y
configure:5804: checking how to run the C preprocessor
configure:5830: gcc -E  conftest.c
configure:5830: $? = 0
configure:5845: gcc -E  conftest.c
conftest.c:12:10: fatal error: 'ac_nonexistent.h' file not found
#include <ac_nonexistent.h>
         ^~~~~~~~~~~~~~~~~~
1 error generated.
configure:5845: $? = 1
configure: failed program was:
| /* confdefs.h */
| #define PACKAGE_NAME "gsoap"
| #define PACKAGE_TARNAME "gsoap"
| #define PACKAGE_VERSION "2.8"
| #define PACKAGE_STRING "gsoap 2.8"
| #define PACKAGE_BUGREPORT ""
| #define PACKAGE_URL ""
| #define PACKAGE "gsoap"
| #define VERSION "2.8"
| #define YYTEXT_POINTER 1
| /* end confdefs.h.  */
| #include <ac_nonexistent.h>
configure:5872: result: gcc -E
configure:5886: gcc -E  conftest.c
configure:5886: $? = 0
configure:5901: gcc -E  conftest.c
conftest.c:12:10: fatal error: 'ac_nonexistent.h' file not found
#include <ac_nonexistent.h>
         ^~~~~~~~~~~~~~~~~~
1 error generated.
configure:5901: $? = 1
configure: failed program was:
| /* confdefs.h */
| #define PACKAGE_NAME "gsoap"
| #define PACKAGE_TARNAME "gsoap"
| #define PACKAGE_VERSION "2.8"
| #define PACKAGE_STRING "gsoap 2.8"
| #define PACKAGE_BUGREPORT ""
| #define PACKAGE_URL ""
| #define PACKAGE "gsoap"
| #define VERSION "2.8"
| #define YYTEXT_POINTER 1
| /* end confdefs.h.  */
| #include <ac_nonexistent.h>
configure:5979: checking for ranlib
configure:6000: found /opt/local/bin/ranlib
configure:6011: result: ranlib
configure:6034: checking whether ln -s works
configure:6038: result: yes
configure:6049: checking for gawk
configure:6081: result: awk
configure:6142: checking for ar
configure:6163: found /opt/local/bin/ar
configure:6174: result: ar
configure:6274: checking for stdio.h
configure:6274: gcc -c -Wno-deprecated-declarations  conftest.c >&5
configure:6274: $? = 0
configure:6274: result: yes
configure:6274: checking for stdlib.h
configure:6274: gcc -c -Wno-deprecated-declarations  conftest.c >&5
configure:6274: $? = 0
configure:6274: result: yes
configure:6274: checking for string.h
configure:6274: gcc -c -Wno-deprecated-declarations  conftest.c >&5
configure:6274: $? = 0
configure:6274: result: yes
configure:6274: checking for inttypes.h
configure:6274: gcc -c -Wno-deprecated-declarations  conftest.c >&5
configure:6274: $? = 0
configure:6274: result: yes
configure:6274: checking for stdint.h
configure:6274: gcc -c -Wno-deprecated-declarations  conftest.c >&5
configure:6274: $? = 0
configure:6274: result: yes
configure:6274: checking for strings.h
configure:6274: gcc -c -Wno-deprecated-declarations  conftest.c >&5
configure:6274: $? = 0
configure:6274: result: yes
configure:6274: checking for sys/stat.h
configure:6274: gcc -c -Wno-deprecated-declarations  conftest.c >&5
configure:6274: $? = 0
configure:6274: result: yes
configure:6274: checking for sys/types.h
configure:6274: gcc -c -Wno-deprecated-declarations  conftest.c >&5
configure:6274: $? = 0
configure:6274: result: yes
configure:6274: checking for unistd.h
configure:6274: gcc -c -Wno-deprecated-declarations  conftest.c >&5
configure:6274: $? = 0
configure:6274: result: yes
configure:6274: checking for sys/time.h
configure:6274: gcc -c -Wno-deprecated-declarations  conftest.c >&5
configure:6274: $? = 0
configure:6274: result: yes
configure:6299: checking for arpa/inet.h
configure:6299: gcc -c -Wno-deprecated-declarations  conftest.c >&5
configure:6299: $? = 0
configure:6299: result: yes
configure:6305: checking for locale.h
configure:6305: gcc -c -Wno-deprecated-declarations  conftest.c >&5
configure:6305: $? = 0
configure:6305: result: yes
configure:6311: checking for xlocale.h
configure:6311: gcc -c -Wno-deprecated-declarations  conftest.c >&5
configure:6311: $? = 0
configure:6311: result: yes
configure:6317: checking for errno.h
configure:6317: gcc -c -Wno-deprecated-declarations  conftest.c >&5
configure:6317: $? = 0
configure:6317: result: yes
configure:6323: checking for fcntl.h
configure:6323: gcc -c -Wno-deprecated-declarations  conftest.c >&5
configure:6323: $? = 0
configure:6323: result: yes
configure:6329: checking for ctype.h
configure:6329: gcc -c -Wno-deprecated-declarations  conftest.c >&5
configure:6329: $? = 0
configure:6329: result: yes
configure:6335: checking for limits.h
configure:6335: gcc -c -Wno-deprecated-declarations  conftest.c >&5
configure:6335: $? = 0
configure:6335: result: yes
configure:6341: checking for float.h
configure:6341: gcc -c -Wno-deprecated-declarations  conftest.c >&5
configure:6341: $? = 0
configure:6341: result: yes
configure:6347: checking for math.h
configure:6347: gcc -c -Wno-deprecated-declarations  conftest.c >&5
configure:6347: $? = 0
configure:6347: result: yes
configure:6353: checking for netdb.h
configure:6353: gcc -c -Wno-deprecated-declarations  conftest.c >&5
configure:6353: $? = 0
configure:6353: result: yes
configure:6359: checking for netinet/in.h
configure:6359: gcc -c -Wno-deprecated-declarations  conftest.c >&5
configure:6359: $? = 0
configure:6359: result: yes
configure:6365: checking for stdlib.h
configure:6365: result: yes
configure:6371: checking for string.h
configure:6371: result: yes
configure:6377: checking for strings.h
configure:6377: result: yes
configure:6383: checking for stdint.h
configure:6383: result: yes
configure:6389: checking for inttypes.h
configure:6389: result: yes
configure:6395: checking for time.h
configure:6395: gcc -c -Wno-deprecated-declarations  conftest.c >&5
configure:6395: $? = 0
configure:6395: result: yes
configure:6401: checking for sys/inttypes.h
configure:6401: gcc -c -Wno-deprecated-declarations  conftest.c >&5
conftest.c:68:10: fatal error: 'sys/inttypes.h' file not found
#include <sys/inttypes.h>
         ^~~~~~~~~~~~~~~~
1 error generated.
configure:6401: $? = 1
configure: failed program was:
| /* confdefs.h */
| #define PACKAGE_NAME "gsoap"
| #define PACKAGE_TARNAME "gsoap"
| #define PACKAGE_VERSION "2.8"
| #define PACKAGE_STRING "gsoap 2.8"
| #define PACKAGE_BUGREPORT ""
| #define PACKAGE_URL ""
| #define PACKAGE "gsoap"
| #define VERSION "2.8"
| #define YYTEXT_POINTER 1
| #define HAVE_STDIO_H 1
| #define HAVE_STDLIB_H 1
| #define HAVE_STRING_H 1
| #define HAVE_INTTYPES_H 1
| #define HAVE_STDINT_H 1
| #define HAVE_STRINGS_H 1
| #define HAVE_SYS_STAT_H 1
| #define HAVE_SYS_TYPES_H 1
| #define HAVE_UNISTD_H 1
| #define HAVE_SYS_TIME_H 1
| #define STDC_HEADERS 1
| #define HAVE_ARPA_INET_H 1
| #define HAVE_LOCALE_H 1
| #define HAVE_XLOCALE_H 1
| #define HAVE_ERRNO_H 1
| #define HAVE_FCNTL_H 1
| #define HAVE_CTYPE_H 1
| #define HAVE_LIMITS_H 1
| #define HAVE_FLOAT_H 1
| #define HAVE_MATH_H 1
| #define HAVE_NETDB_H 1
| #define HAVE_NETINET_IN_H 1
| #define HAVE_STDLIB_H 1
| #define HAVE_STRING_H 1
| #define HAVE_STRINGS_H 1
| #define HAVE_STDINT_H 1
| #define HAVE_INTTYPES_H 1
| #define HAVE_TIME_H 1
| /* end confdefs.h.  */
| #include <stddef.h>
| #ifdef HAVE_STDIO_H
| # include <stdio.h>
| #endif
| #ifdef HAVE_STDLIB_H
| # include <stdlib.h>
| #endif
| #ifdef HAVE_STRING_H
| # include <string.h>
| #endif
| #ifdef HAVE_INTTYPES_H
| # include <inttypes.h>
| #endif
| #ifdef HAVE_STDINT_H
| # include <stdint.h>
| #endif
| #ifdef HAVE_STRINGS_H
| # include <strings.h>
| #endif
| #ifdef HAVE_SYS_TYPES_H
| # include <sys/types.h>
| #endif
| #ifdef HAVE_SYS_STAT_H
| # include <sys/stat.h>
| #endif
| #ifdef HAVE_UNISTD_H
| # include <unistd.h>
| #endif
| #include <sys/inttypes.h>
configure:6401: result: no
configure:6407: checking for sys/socket.h
configure:6407: gcc -c -Wno-deprecated-declarations  conftest.c >&5
configure:6407: $? = 0
configure:6407: result: yes
configure:6413: checking for sys/types.h
configure:6413: result: yes
configure:6419: checking for sys/time.h
configure:6419: result: yes
configure:6425: checking for sys/timeb.h
configure:6425: gcc -c -Wno-deprecated-declarations  conftest.c >&5
configure:6425: $? = 0
configure:6425: result: yes
configure:6431: checking for unistd.h
configure:6431: result: yes
configure:6437: checking for poll.h
configure:6437: gcc -c -Wno-deprecated-declarations  conftest.c >&5
configure:6437: $? = 0
configure:6437: result: yes
configure:6443: checking for openssl/ssl.h
configure:6443: gcc -c -Wno-deprecated-declarations  conftest.c >&5
conftest.c:74:10: fatal error: 'openssl/ssl.h' file not found
#include <openssl/ssl.h>
         ^~~~~~~~~~~~~~~
1 error generated.
configure:6443: $? = 1
configure: failed program was:
| /* confdefs.h */
| #define PACKAGE_NAME "gsoap"
| #define PACKAGE_TARNAME "gsoap"
| #define PACKAGE_VERSION "2.8"
| #define PACKAGE_STRING "gsoap 2.8"
| #define PACKAGE_BUGREPORT ""
| #define PACKAGE_URL ""
| #define PACKAGE "gsoap"
| #define VERSION "2.8"
| #define YYTEXT_POINTER 1
| #define HAVE_STDIO_H 1
| #define HAVE_STDLIB_H 1
| #define HAVE_STRING_H 1
| #define HAVE_INTTYPES_H 1
| #define HAVE_STDINT_H 1
| #define HAVE_STRINGS_H 1
| #define HAVE_SYS_STAT_H 1
| #define HAVE_SYS_TYPES_H 1
| #define HAVE_UNISTD_H 1
| #define HAVE_SYS_TIME_H 1
| #define STDC_HEADERS 1
| #define HAVE_ARPA_INET_H 1
| #define HAVE_LOCALE_H 1
| #define HAVE_XLOCALE_H 1
| #define HAVE_ERRNO_H 1
| #define HAVE_FCNTL_H 1
| #define HAVE_CTYPE_H 1
| #define HAVE_LIMITS_H 1
| #define HAVE_FLOAT_H 1
| #define HAVE_MATH_H 1
| #define HAVE_NETDB_H 1
| #define HAVE_NETINET_IN_H 1
| #define HAVE_STDLIB_H 1
| #define HAVE_STRING_H 1
| #define HAVE_STRINGS_H 1
| #define HAVE_STDINT_H 1
| #define HAVE_INTTYPES_H 1
| #define HAVE_TIME_H 1
| #define HAVE_SYS_SOCKET_H 1
| #define HAVE_SYS_TYPES_H 1
| #define HAVE_SYS_TIME_H 1
| #define HAVE_SYS_TIMEB_H 1
| #define HAVE_UNISTD_H 1
| #define HAVE_POLL_H 1
| /* end confdefs.h.  */
| #include <stddef.h>
| #ifdef HAVE_STDIO_H
| # include <stdio.h>
| #endif
| #ifdef HAVE_STDLIB_H
| # include <stdlib.h>
| #endif
| #ifdef HAVE_STRING_H
| # include <string.h>
| #endif
| #ifdef HAVE_INTTYPES_H
| # include <inttypes.h>
| #endif
| #ifdef HAVE_STDINT_H
| # include <stdint.h>
| #endif
| #ifdef HAVE_STRINGS_H
| # include <strings.h>
| #endif
| #ifdef HAVE_SYS_TYPES_H
| # include <sys/types.h>
| #endif
| #ifdef HAVE_SYS_STAT_H
| # include <sys/stat.h>
| #endif
| #ifdef HAVE_UNISTD_H
| # include <unistd.h>
| #endif
| #include <openssl/ssl.h>
configure:6443: result: no
configure:6449: checking for gnutls/gnutls.h
configure:6449: gcc -c -Wno-deprecated-declarations  conftest.c >&5
conftest.c:74:10: fatal error: 'gnutls/gnutls.h' file not found
#include <gnutls/gnutls.h>
         ^~~~~~~~~~~~~~~~~
1 error generated.
configure:6449: $? = 1
configure: failed program was:
| /* confdefs.h */
| #define PACKAGE_NAME "gsoap"
| #define PACKAGE_TARNAME "gsoap"
| #define PACKAGE_VERSION "2.8"
| #define PACKAGE_STRING "gsoap 2.8"
| #define PACKAGE_BUGREPORT ""
| #define PACKAGE_URL ""
| #define PACKAGE "gsoap"
| #define VERSION "2.8"
| #define YYTEXT_POINTER 1
| #define HAVE_STDIO_H 1
| #define HAVE_STDLIB_H 1
| #define HAVE_STRING_H 1
| #define HAVE_INTTYPES_H 1
| #define HAVE_STDINT_H 1
| #define HAVE_STRINGS_H 1
| #define HAVE_SYS_STAT_H 1
| #define HAVE_SYS_TYPES_H 1
| #define HAVE_UNISTD_H 1
| #define HAVE_SYS_TIME_H 1
| #define STDC_HEADERS 1
| #define HAVE_ARPA_INET_H 1
| #define HAVE_LOCALE_H 1
| #define HAVE_XLOCALE_H 1
| #define HAVE_ERRNO_H 1
| #define HAVE_FCNTL_H 1
| #define HAVE_CTYPE_H 1
| #define HAVE_LIMITS_H 1
| #define HAVE_FLOAT_H 1
| #define HAVE_MATH_H 1
| #define HAVE_NETDB_H 1
| #define HAVE_NETINET_IN_H 1
| #define HAVE_STDLIB_H 1
| #define HAVE_STRING_H 1
| #define HAVE_STRINGS_H 1
| #define HAVE_STDINT_H 1
| #define HAVE_INTTYPES_H 1
| #define HAVE_TIME_H 1
| #define HAVE_SYS_SOCKET_H 1
| #define HAVE_SYS_TYPES_H 1
| #define HAVE_SYS_TIME_H 1
| #define HAVE_SYS_TIMEB_H 1
| #define HAVE_UNISTD_H 1
| #define HAVE_POLL_H 1
| /* end confdefs.h.  */
| #include <stddef.h>
| #ifdef HAVE_STDIO_H
| # include <stdio.h>
| #endif
| #ifdef HAVE_STDLIB_H
| # include <stdlib.h>
| #endif
| #ifdef HAVE_STRING_H
| # include <string.h>
| #endif
| #ifdef HAVE_INTTYPES_H
| # include <inttypes.h>
| #endif
| #ifdef HAVE_STDINT_H
| # include <stdint.h>
| #endif
| #ifdef HAVE_STRINGS_H
| # include <strings.h>
| #endif
| #ifdef HAVE_SYS_TYPES_H
| # include <sys/types.h>
| #endif
| #ifdef HAVE_SYS_STAT_H
| # include <sys/stat.h>
| #endif
| #ifdef HAVE_UNISTD_H
| # include <unistd.h>
| #endif
| #include <gnutls/gnutls.h>
configure:6449: result: no
configure:6455: checking for zlib.h
configure:6455: gcc -c -Wno-deprecated-declarations  conftest.c >&5
configure:6455: $? = 0
configure:6455: result: yes
configure:6464: checking for socklen_t
configure:6464: gcc -c -Wno-deprecated-declarations  conftest.c >&5
configure:6464: $? = 0
configure:6464: gcc -c -Wno-deprecated-declarations  conftest.c >&5
conftest.c:56:24: error: expected expression
if (sizeof ((socklen_t)))
                       ^
1 error generated.
configure:6464: $? = 1
configure: failed program was:
| /* confdefs.h */
| #define PACKAGE_NAME "gsoap"
| #define PACKAGE_TARNAME "gsoap"
| #define PACKAGE_VERSION "2.8"
| #define PACKAGE_STRING "gsoap 2.8"
| #define PACKAGE_BUGREPORT ""
| #define PACKAGE_URL ""
| #define PACKAGE "gsoap"
| #define VERSION "2.8"
| #define YYTEXT_POINTER 1
| #define HAVE_STDIO_H 1
| #define HAVE_STDLIB_H 1
| #define HAVE_STRING_H 1
| #define HAVE_INTTYPES_H 1
| #define HAVE_STDINT_H 1
| #define HAVE_STRINGS_H 1
| #define HAVE_SYS_STAT_H 1
| #define HAVE_SYS_TYPES_H 1
| #define HAVE_UNISTD_H 1
| #define HAVE_SYS_TIME_H 1
| #define STDC_HEADERS 1
| #define HAVE_ARPA_INET_H 1
| #define HAVE_LOCALE_H 1
| #define HAVE_XLOCALE_H 1
| #define HAVE_ERRNO_H 1
| #define HAVE_FCNTL_H 1
| #define HAVE_CTYPE_H 1
| #define HAVE_LIMITS_H 1
| #define HAVE_FLOAT_H 1
| #define HAVE_MATH_H 1
| #define HAVE_NETDB_H 1
| #define HAVE_NETINET_IN_H 1
| #define HAVE_STDLIB_H 1
| #define HAVE_STRING_H 1
| #define HAVE_STRINGS_H 1
| #define HAVE_STDINT_H 1
| #define HAVE_INTTYPES_H 1
| #define HAVE_TIME_H 1
| #define HAVE_SYS_SOCKET_H 1
| #define HAVE_SYS_TYPES_H 1
| #define HAVE_SYS_TIME_H 1
| #define HAVE_SYS_TIMEB_H 1
| #define HAVE_UNISTD_H 1
| #define HAVE_POLL_H 1
| #define HAVE_ZLIB_H 1
| /* end confdefs.h.  */
| 
| #if HAVE_SYS_SOCKET_H
| # include <sys/socket.h>
| #endif
| 
| 
| int
| main (void)
| {
| if (sizeof ((socklen_t)))
| 	    return 0;
|   ;
|   return 0;
| }
configure:6464: result: yes
configure:6480: checking for an ANSI C-conforming const
configure:6547: gcc -c -Wno-deprecated-declarations  conftest.c >&5
configure:6547: $? = 0
configure:6555: result: yes
configure:6563: checking for size_t
configure:6563: gcc -c -Wno-deprecated-declarations  conftest.c >&5
configure:6563: $? = 0
configure:6563: gcc -c -Wno-deprecated-declarations  conftest.c >&5
conftest.c:79:21: error: expected expression
if (sizeof ((size_t)))
                    ^
1 error generated.
configure:6563: $? = 1
configure: failed program was:
| /* confdefs.h */
| #define PACKAGE_NAME "gsoap"
| #define PACKAGE_TARNAME "gsoap"
| #define PACKAGE_VERSION "2.8"
| #define PACKAGE_STRING "gsoap 2.8"
| #define PACKAGE_BUGREPORT ""
| #define PACKAGE_URL ""
| #define PACKAGE "gsoap"
| #define VERSION "2.8"
| #define YYTEXT_POINTER 1
| #define HAVE_STDIO_H 1
| #define HAVE_STDLIB_H 1
| #define HAVE_STRING_H 1
| #define HAVE_INTTYPES_H 1
| #define HAVE_STDINT_H 1
| #define HAVE_STRINGS_H 1
| #define HAVE_SYS_STAT_H 1
| #define HAVE_SYS_TYPES_H 1
| #define HAVE_UNISTD_H 1
| #define HAVE_SYS_TIME_H 1
| #define STDC_HEADERS 1
| #define HAVE_ARPA_INET_H 1
| #define HAVE_LOCALE_H 1
| #define HAVE_XLOCALE_H 1
| #define HAVE_ERRNO_H 1
| #define HAVE_FCNTL_H 1
| #define HAVE_CTYPE_H 1
| #define HAVE_LIMITS_H 1
| #define HAVE_FLOAT_H 1
| #define HAVE_MATH_H 1
| #define HAVE_NETDB_H 1
| #define HAVE_NETINET_IN_H 1
| #define HAVE_STDLIB_H 1
| #define HAVE_STRING_H 1
| #define HAVE_STRINGS_H 1
| #define HAVE_STDINT_H 1
| #define HAVE_INTTYPES_H 1
| #define HAVE_TIME_H 1
| #define HAVE_SYS_SOCKET_H 1
| #define HAVE_SYS_TYPES_H 1
| #define HAVE_SYS_TIME_H 1
| #define HAVE_SYS_TIMEB_H 1
| #define HAVE_UNISTD_H 1
| #define HAVE_POLL_H 1
| #define HAVE_ZLIB_H 1
| #define HAVE_SOCKLEN_T 1
| /* end confdefs.h.  */
| #include <stddef.h>
| #ifdef HAVE_STDIO_H
| # include <stdio.h>
| #endif
| #ifdef HAVE_STDLIB_H
| # include <stdlib.h>
| #endif
| #ifdef HAVE_STRING_H
| # include <string.h>
| #endif
| #ifdef HAVE_INTTYPES_H
| # include <inttypes.h>
| #endif
| #ifdef HAVE_STDINT_H
| # include <stdint.h>
| #endif
| #ifdef HAVE_STRINGS_H
| # include <strings.h>
| #endif
| #ifdef HAVE_SYS_TYPES_H
| # include <sys/types.h>
| #endif
| #ifdef HAVE_SYS_STAT_H
| # include <sys/stat.h>
| #endif
| #ifdef HAVE_UNISTD_H
| # include <unistd.h>
| #endif
| int
| main (void)
| {
| if (sizeof ((size_t)))
| 	    return 0;
|   ;
|   return 0;
| }
configure:6563: result: yes
configure:6573: checking whether struct tm is in sys/time.h or time.h
configure:6594: gcc -c -Wno-deprecated-declarations  conftest.c >&5
configure:6594: $? = 0
configure:6602: result: time.h
configure:6610: checking for struct tm.tm_gmtoff
configure:6610: gcc -c -Wno-deprecated-declarations  conftest.c >&5
configure:6610: $? = 0
configure:6610: result: yes
configure:6622: checking for struct tm.__tm_gmtoff
configure:6622: gcc -c -Wno-deprecated-declarations  conftest.c >&5
conftest.c:58:13: error: no member named '__tm_gmtoff' in 'struct tm'; did you mean 'tm_gmtoff'?
if (ac_aggr.__tm_gmtoff)
            ^~~~~~~~~~~
            tm_gmtoff
/Applications/Xcode.app/Contents/Developer/Platforms/MacOSX.platform/Developer/SDKs/MacOSX.sdk/usr/include/time.h:85:7: note: 'tm_gmtoff' declared here
        long    tm_gmtoff;      /* offset from UTC in seconds */
                ^
1 error generated.
configure:6622: $? = 1
configure: failed program was:
| /* confdefs.h */
| #define PACKAGE_NAME "gsoap"
| #define PACKAGE_TARNAME "gsoap"
| #define PACKAGE_VERSION "2.8"
| #define PACKAGE_STRING "gsoap 2.8"
| #define PACKAGE_BUGREPORT ""
| #define PACKAGE_URL ""
| #define PACKAGE "gsoap"
| #define VERSION "2.8"
| #define YYTEXT_POINTER 1
| #define HAVE_STDIO_H 1
| #define HAVE_STDLIB_H 1
| #define HAVE_STRING_H 1
| #define HAVE_INTTYPES_H 1
| #define HAVE_STDINT_H 1
| #define HAVE_STRINGS_H 1
| #define HAVE_SYS_STAT_H 1
| #define HAVE_SYS_TYPES_H 1
| #define HAVE_UNISTD_H 1
| #define HAVE_SYS_TIME_H 1
| #define STDC_HEADERS 1
| #define HAVE_ARPA_INET_H 1
| #define HAVE_LOCALE_H 1
| #define HAVE_XLOCALE_H 1
| #define HAVE_ERRNO_H 1
| #define HAVE_FCNTL_H 1
| #define HAVE_CTYPE_H 1
| #define HAVE_LIMITS_H 1
| #define HAVE_FLOAT_H 1
| #define HAVE_MATH_H 1
| #define HAVE_NETDB_H 1
| #define HAVE_NETINET_IN_H 1
| #define HAVE_STDLIB_H 1
| #define HAVE_STRING_H 1
| #define HAVE_STRINGS_H 1
| #define HAVE_STDINT_H 1
| #define HAVE_INTTYPES_H 1
| #define HAVE_TIME_H 1
| #define HAVE_SYS_SOCKET_H 1
| #define HAVE_SYS_TYPES_H 1
| #define HAVE_SYS_TIME_H 1
| #define HAVE_SYS_TIMEB_H 1
| #define HAVE_UNISTD_H 1
| #define HAVE_POLL_H 1
| #define HAVE_ZLIB_H 1
| #define HAVE_SOCKLEN_T 1
| #define HAVE_STRUCT_TM_TM_GMTOFF 1
| /* end confdefs.h.  */
| 
| #include <sys/types.h>
| #include <time.h>
| 
| 
| int
| main (void)
| {
| static struct tm ac_aggr;
| if (ac_aggr.__tm_gmtoff)
| return 0;
|   ;
|   return 0;
| }
configure:6622: gcc -c -Wno-deprecated-declarations  conftest.c >&5
conftest.c:58:20: error: no member named '__tm_gmtoff' in 'struct tm'; did you mean 'tm_gmtoff'?
if (sizeof ac_aggr.__tm_gmtoff)
                   ^~~~~~~~~~~
                   tm_gmtoff
/Applications/Xcode.app/Contents/Developer/Platforms/MacOSX.platform/Developer/SDKs/MacOSX.sdk/usr/include/time.h:85:7: note: 'tm_gmtoff' declared here
        long    tm_gmtoff;      /* offset from UTC in seconds */
                ^
1 error generated.
configure:6622: $? = 1
configure: failed program was:
| /* confdefs.h */
| #define PACKAGE_NAME "gsoap"
| #define PACKAGE_TARNAME "gsoap"
| #define PACKAGE_VERSION "2.8"
| #define PACKAGE_STRING "gsoap 2.8"
| #define PACKAGE_BUGREPORT ""
| #define PACKAGE_URL ""
| #define PACKAGE "gsoap"
| #define VERSION "2.8"
| #define YYTEXT_POINTER 1
| #define HAVE_STDIO_H 1
| #define HAVE_STDLIB_H 1
| #define HAVE_STRING_H 1
| #define HAVE_INTTYPES_H 1
| #define HAVE_STDINT_H 1
| #define HAVE_STRINGS_H 1
| #define HAVE_SYS_STAT_H 1
| #define HAVE_SYS_TYPES_H 1
| #define HAVE_UNISTD_H 1
| #define HAVE_SYS_TIME_H 1
| #define STDC_HEADERS 1
| #define HAVE_ARPA_INET_H 1
| #define HAVE_LOCALE_H 1
| #define HAVE_XLOCALE_H 1
| #define HAVE_ERRNO_H 1
| #define HAVE_FCNTL_H 1
| #define HAVE_CTYPE_H 1
| #define HAVE_LIMITS_H 1
| #define HAVE_FLOAT_H 1
| #define HAVE_MATH_H 1
| #define HAVE_NETDB_H 1
| #define HAVE_NETINET_IN_H 1
| #define HAVE_STDLIB_H 1
| #define HAVE_STRING_H 1
| #define HAVE_STRINGS_H 1
| #define HAVE_STDINT_H 1
| #define HAVE_INTTYPES_H 1
| #define HAVE_TIME_H 1
| #define HAVE_SYS_SOCKET_H 1
| #define HAVE_SYS_TYPES_H 1
| #define HAVE_SYS_TIME_H 1
| #define HAVE_SYS_TIMEB_H 1
| #define HAVE_UNISTD_H 1
| #define HAVE_POLL_H 1
| #define HAVE_ZLIB_H 1
| #define HAVE_SOCKLEN_T 1
| #define HAVE_STRUCT_TM_TM_GMTOFF 1
| /* end confdefs.h.  */
| 
| #include <sys/types.h>
| #include <time.h>
| 
| 
| int
| main (void)
| {
| static struct tm ac_aggr;
| if (sizeof ac_aggr.__tm_gmtoff)
| return 0;
|   ;
|   return 0;
| }
configure:6622: result: no
configure:6642: checking for alarm
configure:6642: gcc -o conftest -Wno-deprecated-declarations   conftest.c  >&5
configure:6642: $? = 0
configure:6642: result: yes
configure:6653: checking for working mktime
configure:6851: gcc -o conftest -Wno-deprecated-declarations   conftest.c  >&5
configure:6851: $? = 0
configure:6851: ./conftest
configure:6851: $? = 1
configure: program exited with status 1
configure: failed program was:
| /* confdefs.h */
| #define PACKAGE_NAME "gsoap"
| #define PACKAGE_TARNAME "gsoap"
| #define PACKAGE_VERSION "2.8"
| #define PACKAGE_STRING "gsoap 2.8"
| #define PACKAGE_BUGREPORT ""
| #define PACKAGE_URL ""
| #define PACKAGE "gsoap"
| #define VERSION "2.8"
| #define YYTEXT_POINTER 1
| #define HAVE_STDIO_H 1
| #define HAVE_STDLIB_H 1
| #define HAVE_STRING_H 1
| #define HAVE_INTTYPES_H 1
| #define HAVE_STDINT_H 1
| #define HAVE_STRINGS_H 1
| #define HAVE_SYS_STAT_H 1
| #define HAVE_SYS_TYPES_H 1
| #define HAVE_UNISTD_H 1
| #define HAVE_SYS_TIME_H 1
| #define STDC_HEADERS 1
| #define HAVE_ARPA_INET_H 1
| #define HAVE_LOCALE_H 1
| #define HAVE_XLOCALE_H 1
| #define HAVE_ERRNO_H 1
| #define HAVE_FCNTL_H 1
| #define HAVE_CTYPE_H 1
| #define HAVE_LIMITS_H 1
| #define HAVE_FLOAT_H 1
| #define HAVE_MATH_H 1
| #define HAVE_NETDB_H 1
| #define HAVE_NETINET_IN_H 1
| #define HAVE_STDLIB_H 1
| #define HAVE_STRING_H 1
| #define HAVE_STRINGS_H 1
| #define HAVE_STDINT_H 1
| #define HAVE_INTTYPES_H 1
| #define HAVE_TIME_H 1
| #define HAVE_SYS_SOCKET_H 1
| #define HAVE_SYS_TYPES_H 1
| #define HAVE_SYS_TIME_H 1
| #define HAVE_SYS_TIMEB_H 1
| #define HAVE_UNISTD_H 1
| #define HAVE_POLL_H 1
| #define HAVE_ZLIB_H 1
| #define HAVE_SOCKLEN_T 1
| #define HAVE_STRUCT_TM_TM_GMTOFF 1
| #define HAVE_ALARM 1
| /* end confdefs.h.  */
| /* Test program from Paul Eggert and Tony Leneis.  */
| #include <time.h>
| #ifdef HAVE_SYS_TIME_H
| # include <sys/time.h>
| #endif
| 
| #include <limits.h>
| #include <stdlib.h>
| 
| #ifdef HAVE_UNISTD_H
| # include <unistd.h>
| #endif
| 
| #ifndef HAVE_ALARM
| # define alarm(X) /* empty */
| #endif
| 
| /* Work around redefinition to rpl_putenv by other config tests.  */
| #undef putenv
| 
| static time_t time_t_max;
| static time_t time_t_min;
| 
| /* Values we'll use to set the TZ environment variable.  */
| static const char *tz_strings[] = {
|   (const char *) 0, "TZ=GMT0", "TZ=JST-9",
|   "TZ=EST+3EDT+2,M10.1.0/00:00:00,M2.3.0/00:00:00"
| };
| #define N_STRINGS (sizeof (tz_strings) / sizeof (tz_strings[0]))
| 
| /* Return 0 if mktime fails to convert a date in the spring-forward gap.
|    Based on a problem report from Andreas Jaeger.  */
| static int
| spring_forward_gap ()
| {
|   /* glibc (up to about 1998-10-07) failed this test. */
|   struct tm tm;
| 
|   /* Use the portable POSIX.1 specification "TZ=PST8PDT,M4.1.0,M10.5.0"
|      instead of "TZ=America/Vancouver" in order to detect the bug even
|      on systems that don't support the Olson extension, or don't have the
|      full zoneinfo tables installed.  */
|   putenv ((char*) "TZ=PST8PDT,M4.1.0,M10.5.0");
| 
|   tm.tm_year = 98;
|   tm.tm_mon = 3;
|   tm.tm_mday = 5;
|   tm.tm_hour = 2;
|   tm.tm_min = 0;
|   tm.tm_sec = 0;
|   tm.tm_isdst = -1;
|   return mktime (&tm) != (time_t) -1;
| }
| 
| static int
| mktime_test1 (time_t now)
| {
|   struct tm *lt;
|   return ! (lt = localtime (&now)) || mktime (lt) == now;
| }
| 
| static int
| mktime_test (time_t now)
| {
|   return (mktime_test1 (now)
| 	  && mktime_test1 ((time_t) (time_t_max - now))
| 	  && mktime_test1 ((time_t) (time_t_min + now)));
| }
| 
| static int
| irix_6_4_bug ()
| {
|   /* Based on code from Ariel Faigon.  */
|   struct tm tm;
|   tm.tm_year = 96;
|   tm.tm_mon = 3;
|   tm.tm_mday = 0;
|   tm.tm_hour = 0;
|   tm.tm_min = 0;
|   tm.tm_sec = 0;
|   tm.tm_isdst = -1;
|   mktime (&tm);
|   return tm.tm_mon == 2 && tm.tm_mday == 31;
| }
| 
| static int
| bigtime_test (int j)
| {
|   struct tm tm;
|   time_t now;
|   tm.tm_year = tm.tm_mon = tm.tm_mday = tm.tm_hour = tm.tm_min = tm.tm_sec = j;
|   now = mktime (&tm);
|   if (now != (time_t) -1)
|     {
|       struct tm *lt = localtime (&now);
|       if (! (lt
| 	     && lt->tm_year == tm.tm_year
| 	     && lt->tm_mon == tm.tm_mon
| 	     && lt->tm_mday == tm.tm_mday
| 	     && lt->tm_hour == tm.tm_hour
| 	     && lt->tm_min == tm.tm_min
| 	     && lt->tm_sec == tm.tm_sec
| 	     && lt->tm_yday == tm.tm_yday
| 	     && lt->tm_wday == tm.tm_wday
| 	     && ((lt->tm_isdst < 0 ? -1 : 0 < lt->tm_isdst)
| 		  == (tm.tm_isdst < 0 ? -1 : 0 < tm.tm_isdst))))
| 	return 0;
|     }
|   return 1;
| }
| 
| static int
| year_2050_test ()
| {
|   /* The correct answer for 2050-02-01 00:00:00 in Pacific time,
|      ignoring leap seconds.  */
|   unsigned long int answer = 2527315200UL;
| 
|   struct tm tm;
|   time_t t;
|   tm.tm_year = 2050 - 1900;
|   tm.tm_mon = 2 - 1;
|   tm.tm_mday = 1;
|   tm.tm_hour = tm.tm_min = tm.tm_sec = 0;
|   tm.tm_isdst = -1;
| 
|   /* Use the portable POSIX.1 specification "TZ=PST8PDT,M4.1.0,M10.5.0"
|      instead of "TZ=America/Vancouver" in order to detect the bug even
|      on systems that don't support the Olson extension, or don't have the
|      full zoneinfo tables installed.  */
|   putenv ((char*) "TZ=PST8PDT,M4.1.0,M10.5.0");
| 
|   t = mktime (&tm);
| 
|   /* Check that the result is either a failure, or close enough
|      to the correct answer that we can assume the discrepancy is
|      due to leap seconds.  */
|   return (t == (time_t) -1
| 	  || (0 < t && answer - 120 <= t && t <= answer + 120));
| }
| 
| int
| main (void)
| {
|   time_t t, delta;
|   int i, j;
| 
|   /* This test makes some buggy mktime implementations loop.
|      Give up after 60 seconds; a mktime slower than that
|      isn't worth using anyway.  */
|   alarm (60);
| 
|   for (;;)
|     {
|       t = (time_t_max << 1) + 1;
|       if (t <= time_t_max)
| 	break;
|       time_t_max = t;
|     }
|   time_t_min = - ((time_t) ~ (time_t) 0 == (time_t) -1) - time_t_max;
| 
|   delta = time_t_max / 997; /* a suitable prime number */
|   for (i = 0; i < N_STRINGS; i++)
|     {
|       if (tz_strings[i])
| 	putenv ((char*) tz_strings[i]);
| 
|       for (t = 0; t <= time_t_max - delta; t += delta)
| 	if (! mktime_test (t))
| 	  return 1;
|       if (! (mktime_test ((time_t) 1)
| 	     && mktime_test ((time_t) (60 * 60))
| 	     && mktime_test ((time_t) (60 * 60 * 24))))
| 	return 1;
| 
|       for (j = 1; ; j <<= 1)
| 	if (! bigtime_test (j))
| 	  return 1;
| 	else if (INT_MAX / 2 < j)
| 	  break;
|       if (! bigtime_test (INT_MAX))
| 	return 1;
|     }
|   return ! (irix_6_4_bug () && spring_forward_gap () && year_2050_test ());
| }
configure:6862: result: no
configure:6876: checking for strftime
configure:6876: gcc -o conftest -Wno-deprecated-declarations   conftest.c  >&5
configure:6876: $? = 0
configure:6876: result: yes
configure:6928: checking for random
configure:6928: gcc -o conftest -Wno-deprecated-declarations   conftest.c  >&5
configure:6928: $? = 0
configure:6928: result: yes
configure:6934: checking for gettimeofday
configure:6934: gcc -o conftest -Wno-deprecated-declarations   conftest.c  >&5
configure:6934: $? = 0
configure:6934: result: yes
configure:6940: checking for ftime
configure:6940: gcc -o conftest -Wno-deprecated-declarations   conftest.c  >&5
configure:6940: $? = 0
configure:6940: result: yes
configure:6946: checking for localtime_r
configure:6946: gcc -o conftest -Wno-deprecated-declarations   conftest.c  >&5
configure:6946: $? = 0
configure:6946: result: yes
configure:6952: checking for timegm
configure:6952: gcc -o conftest -Wno-deprecated-declarations   conftest.c  >&5
configure:6952: $? = 0
configure:6952: result: yes
configure:6958: checking for gmtime
configure:6958: gcc -o conftest -Wno-deprecated-declarations   conftest.c  >&5
configure:6958: $? = 0
configure:6958: result: yes
configure:6964: checking for gmtime_r
configure:6964: gcc -o conftest -Wno-deprecated-declarations   conftest.c  >&5
configure:6964: $? = 0
configure:6964: result: yes
configure:6970: checking for asctime
configure:6970: gcc -o conftest -Wno-deprecated-declarations   conftest.c  >&5
configure:6970: $? = 0
configure:6970: result: yes
configure:6976: checking for asctime_r
configure:6976: gcc -o conftest -Wno-deprecated-declarations   conftest.c  >&5
configure:6976: $? = 0
configure:6976: result: yes
configure:6982: checking for memset
configure:6982: gcc -o conftest -Wno-deprecated-declarations   conftest.c  >&5
conftest.c:76:6: warning: incompatible redeclaration of library function 'memset' [-Wincompatible-library-redeclaration]
char memset ();
     ^
conftest.c:76:6: note: 'memset' is a builtin with type 'void *(void *, int, unsigned long)'
1 warning generated.
configure:6982: $? = 0
configure:6982: result: yes
configure:6988: checking for select
configure:6988: gcc -o conftest -Wno-deprecated-declarations   conftest.c  >&5
configure:6988: $? = 0
configure:6988: result: yes
configure:6994: checking for socket
configure:6994: gcc -o conftest -Wno-deprecated-declarations   conftest.c  >&5
configure:6994: $? = 0
configure:6994: result: yes
configure:7000: checking for snprintf
configure:7000: gcc -o conftest -Wno-deprecated-declarations   conftest.c  >&5
conftest.c:79:6: warning: incompatible redeclaration of library function 'snprintf' [-Wincompatible-library-redeclaration]
char snprintf ();
     ^
conftest.c:79:6: note: 'snprintf' is a builtin with type 'int (char *, unsigned long, const char *, ...)'
1 warning generated.
configure:7000: $? = 0
configure:7000: result: yes
configure:7006: checking for strchr
configure:7006: gcc -o conftest -Wno-deprecated-declarations   conftest.c  >&5
conftest.c:80:6: warning: incompatible redeclaration of library function 'strchr' [-Wincompatible-library-redeclaration]
char strchr ();
     ^
conftest.c:80:6: note: 'strchr' is a builtin with type 'char *(const char *, int)'
1 warning generated.
configure:7006: $? = 0
configure:7006: result: yes
configure:7012: checking for strerror
configure:7012: gcc -o conftest -Wno-deprecated-declarations   conftest.c  >&5
conftest.c:81:6: warning: incompatible redeclaration of library function 'strerror' [-Wincompatible-library-redeclaration]
char strerror ();
     ^
conftest.c:81:6: note: 'strerror' is a builtin with type 'char *(int)'
1 warning generated.
configure:7012: $? = 0
configure:7012: result: yes
configure:7018: checking for strerror_r
configure:7018: gcc -o conftest -Wno-deprecated-declarations   conftest.c  >&5
configure:7018: $? = 0
configure:7018: result: yes
configure:7024: checking for strlcpy
configure:7024: gcc -o conftest -Wno-deprecated-declarations   conftest.c  >&5
conftest.c:83:6: warning: incompatible redeclaration of library function 'strlcpy' [-Wincompatible-library-redeclaration]
char strlcpy ();
     ^
conftest.c:83:6: note: 'strlcpy' is a builtin with type 'unsigned long (char *, const char *, unsigned long)'
1 warning generated.
configure:7024: $? = 0
configure:7024: result: yes
configure:7030: checking for strlcat
configure:7030: gcc -o conftest -Wno-deprecated-declarations   conftest.c  >&5
conftest.c:84:6: warning: incompatible redeclaration of library function 'strlcat' [-Wincompatible-library-redeclaration]
char strlcat ();
     ^
conftest.c:84:6: note: 'strlcat' is a builtin with type 'unsigned long (char *, const char *, unsigned long)'
1 warning generated.
configure:7030: $? = 0
configure:7030: result: yes
configure:7036: checking for strrchr
configure:7036: gcc -o conftest -Wno-deprecated-declarations   conftest.c  >&5
conftest.c:85:6: warning: incompatible redeclaration of library function 'strrchr' [-Wincompatible-library-redeclaration]
char strrchr ();
     ^
conftest.c:85:6: note: 'strrchr' is a builtin with type 'char *(const char *, int)'
1 warning generated.
configure:7036: $? = 0
configure:7036: result: yes
configure:7042: checking for strstr
configure:7042: gcc -o conftest -Wno-deprecated-declarations   conftest.c  >&5
conftest.c:86:6: warning: incompatible redeclaration of library function 'strstr' [-Wincompatible-library-redeclaration]
char strstr ();
     ^
conftest.c:86:6: note: 'strstr' is a builtin with type 'char *(const char *, const char *)'
1 warning generated.
configure:7042: $? = 0
configure:7042: result: yes
configure:7048: checking for strtol
configure:7048: gcc -o conftest -Wno-deprecated-declarations   conftest.c  >&5
conftest.c:87:6: warning: incompatible redeclaration of library function 'strtol' [-Wincompatible-library-redeclaration]
char strtol ();
     ^
conftest.c:87:6: note: 'strtol' is a builtin with type 'long (const char *, char **, int)'
1 warning generated.
configure:7048: $? = 0
configure:7048: result: yes
configure:7054: checking for strtoul
configure:7054: gcc -o conftest -Wno-deprecated-declarations   conftest.c  >&5
conftest.c:88:6: warning: incompatible redeclaration of library function 'strtoul' [-Wincompatible-library-redeclaration]
char strtoul ();
     ^
conftest.c:88:6: note: 'strtoul' is a builtin with type 'unsigned long (const char *, char **, int)'
1 warning generated.
configure:7054: $? = 0
configure:7054: result: yes
configure:7060: checking for strtoll
configure:7060: gcc -o conftest -Wno-deprecated-declarations   conftest.c  >&5
conftest.c:89:6: warning: incompatible redeclaration of library function 'strtoll' [-Wincompatible-library-redeclaration]
char strtoll ();
     ^
conftest.c:89:6: note: 'strtoll' is a builtin with type 'long long (const char *, char **, int)'
1 warning generated.
configure:7060: $? = 0
configure:7060: result: yes
configure:7066: checking for strtoull
configure:7066: gcc -o conftest -Wno-deprecated-declarations   conftest.c  >&5
conftest.c:90:6: warning: incompatible redeclaration of library function 'strtoull' [-Wincompatible-library-redeclaration]
char strtoull ();
     ^
conftest.c:90:6: note: 'strtoull' is a builtin with type 'unsigned long long (const char *, char **, int)'
1 warning generated.
configure:7066: $? = 0
configure:7066: result: yes
configure:7072: checking for strtold
configure:7072: gcc -o conftest -Wno-deprecated-declarations   conftest.c  >&5
conftest.c:91:6: warning: incompatible redeclaration of library function 'strtold' [-Wincompatible-library-redeclaration]
char strtold ();
     ^
conftest.c:91:6: note: 'strtold' is a builtin with type 'long double (const char *, char **)'
1 warning generated.
configure:7072: $? = 0
configure:7072: result: yes
configure:7078: checking for strtod
configure:7078: gcc -o conftest -Wno-deprecated-declarations   conftest.c  >&5
conftest.c:92:6: warning: incompatible redeclaration of library function 'strtod' [-Wincompatible-library-redeclaration]
char strtod ();
     ^
conftest.c:92:6: note: 'strtod' is a builtin with type 'double (const char *, char **)'
1 warning generated.
configure:7078: $? = 0
configure:7078: result: yes
configure:7084: checking for strtof
configure:7084: gcc -o conftest -Wno-deprecated-declarations   conftest.c  >&5
conftest.c:93:6: warning: incompatible redeclaration of library function 'strtof' [-Wincompatible-library-redeclaration]
char strtof ();
     ^
conftest.c:93:6: note: 'strtof' is a builtin with type 'float (const char *, char **)'
1 warning generated.
configure:7084: $? = 0
configure:7084: result: yes
configure:7090: checking for strtold_l
configure:7090: gcc -o conftest -Wno-deprecated-declarations   conftest.c  >&5
configure:7090: $? = 0
configure:7090: result: yes
configure:7096: checking for strtod_l
configure:7096: gcc -o conftest -Wno-deprecated-declarations   conftest.c  >&5
configure:7096: $? = 0
configure:7096: result: yes
configure:7102: checking for strtof_l
configure:7102: gcc -o conftest -Wno-deprecated-declarations   conftest.c  >&5
configure:7102: $? = 0
configure:7102: result: yes
configure:7108: checking for sscanf
configure:7108: gcc -o conftest -Wno-deprecated-declarations   conftest.c  >&5
conftest.c:97:6: warning: incompatible redeclaration of library function 'sscanf' [-Wincompatible-library-redeclaration]
char sscanf ();
     ^
conftest.c:97:6: note: 'sscanf' is a builtin with type 'int (const char *restrict, const char *restrict, ...)'
1 warning generated.
configure:7108: $? = 0
configure:7108: result: yes
configure:7114: checking for sscanf_l
configure:7114: gcc -o conftest -Wno-deprecated-declarations   conftest.c  >&5
configure:7114: $? = 0
configure:7114: result: yes
configure:7120: checking for snprintf
configure:7120: result: yes
configure:7126: checking for sprintf_l
configure:7126: gcc -o conftest -Wno-deprecated-declarations   conftest.c  >&5
configure:7126: $? = 0
configure:7126: result: yes
configure:7132: checking for poll
configure:7132: gcc -o conftest -Wno-deprecated-declarations   conftest.c  >&5
configure:7132: $? = 0
configure:7132: result: yes
configure:7138: checking for newlocale
configure:7138: gcc -o conftest -Wno-deprecated-declarations   conftest.c  >&5
configure:7138: $? = 0
configure:7138: result: yes
configure:7144: checking for uselocale
configure:7144: gcc -o conftest -Wno-deprecated-declarations   conftest.c  >&5
configure:7144: $? = 0
configure:7144: result: yes
configure:7150: checking for freelocale
configure:7150: gcc -o conftest -Wno-deprecated-declarations   conftest.c  >&5
configure:7150: $? = 0
configure:7150: result: yes
configure:7159: checking for isnan
configure:7159: gcc -o conftest -Wno-deprecated-declarations   conftest.c  >&5
configure:7159: $? = 0
configure:7159: result: yes
configure:7169: checking for isinf
configure:7169: gcc -o conftest -Wno-deprecated-declarations   conftest.c  >&5
configure:7169: $? = 0
configure:7169: result: yes
configure:7253: checking for gethostbyname_r
configure:7253: gcc -o conftest -Wno-deprecated-declarations   conftest.c  >&5
Undefined symbols for architecture arm64:
  "_gethostbyname_r", referenced from:
      _main in conftest-347150.o
ld: symbol(s) not found for architecture arm64
clang: error: linker command failed with exit code 1 (use -v to see invocation)
configure:7253: $? = 1
configure: failed program was:
| /* confdefs.h */
| #define PACKAGE_NAME "gsoap"
| #define PACKAGE_TARNAME "gsoap"
| #define PACKAGE_VERSION "2.8"
| #define PACKAGE_STRING "gsoap 2.8"
| #define PACKAGE_BUGREPORT ""
| #define PACKAGE_URL ""
| #define PACKAGE "gsoap"
| #define VERSION "2.8"
| #define YYTEXT_POINTER 1
| #define HAVE_STDIO_H 1
| #define HAVE_STDLIB_H 1
| #define HAVE_STRING_H 1
| #define HAVE_INTTYPES_H 1
| #define HAVE_STDINT_H 1
| #define HAVE_STRINGS_H 1
| #define HAVE_SYS_STAT_H 1
| #define HAVE_SYS_TYPES_H 1
| #define HAVE_UNISTD_H 1
| #define HAVE_SYS_TIME_H 1
| #define STDC_HEADERS 1
| #define HAVE_ARPA_INET_H 1
| #define HAVE_LOCALE_H 1
| #define HAVE_XLOCALE_H 1
| #define HAVE_ERRNO_H 1
| #define HAVE_FCNTL_H 1
| #define HAVE_CTYPE_H 1
| #define HAVE_LIMITS_H 1
| #define HAVE_FLOAT_H 1
| #define HAVE_MATH_H 1
| #define HAVE_NETDB_H 1
| #define HAVE_NETINET_IN_H 1
| #define HAVE_STDLIB_H 1
| #define HAVE_STRING_H 1
| #define HAVE_STRINGS_H 1
| #define HAVE_STDINT_H 1
| #define HAVE_INTTYPES_H 1
| #define HAVE_TIME_H 1
| #define HAVE_SYS_SOCKET_H 1
| #define HAVE_SYS_TYPES_H 1
| #define HAVE_SYS_TIME_H 1
| #define HAVE_SYS_TIMEB_H 1
| #define HAVE_UNISTD_H 1
| #define HAVE_POLL_H 1
| #define HAVE_ZLIB_H 1
| #define HAVE_SOCKLEN_T 1
| #define HAVE_STRUCT_TM_TM_GMTOFF 1
| #define HAVE_ALARM 1
| #define HAVE_STRFTIME 1
| #define HAVE_RANDOM 1
| #define HAVE_GETTIMEOFDAY 1
| #define HAVE_FTIME 1
| #define HAVE_LOCALTIME_R 1
| #define HAVE_TIMEGM 1
| #define HAVE_GMTIME 1
| #define HAVE_GMTIME_R 1
| #define HAVE_ASCTIME 1
| #define HAVE_ASCTIME_R 1
| #define HAVE_MEMSET 1
| #define HAVE_SELECT 1
| #define HAVE_SOCKET 1
| #define HAVE_SNPRINTF 1
| #define HAVE_STRCHR 1
| #define HAVE_STRERROR 1
| #define HAVE_STRERROR_R 1
| #define HAVE_STRLCPY 1
| #define HAVE_STRLCAT 1
| #define HAVE_STRRCHR 1
| #define HAVE_STRSTR 1
| #define HAVE_STRTOL 1
| #define HAVE_STRTOUL 1
| #define HAVE_STRTOLL 1
| #define HAVE_STRTOULL 1
| #define HAVE_STRTOLD 1
| #define HAVE_STRTOD 1
| #define HAVE_STRTOF 1
| #define HAVE_STRTOLD_L 1
| #define HAVE_STRTOD_L 1
| #define HAVE_STRTOF_L 1
| #define HAVE_SSCANF 1
| #define HAVE_SSCANF_L 1
| #define HAVE_SNPRINTF 1
| #define HAVE_SPRINTF_L 1
| #define HAVE_POLL 1
| #define HAVE_NEWLOCALE 1
| #define HAVE_USELOCALE 1
| #define HAVE_FREELOCALE 1
| #define HAVE_ISNAN 1
| #define HAVE_ISINF 1
| /* end confdefs.h.  */
| /* Define gethostbyname_r to an innocuous variant, in case <limits.h> declares gethostbyname_r.
|    For example, HP-UX 11i <limits.h> declares gettimeofday.  */
| #define gethostbyname_r innocuous_gethostbyname_r
| 
| /* System header to define __stub macros and hopefully few prototypes,
|    which can conflict with char gethostbyname_r (); below.  */
| 
| #include <limits.h>
| #undef gethostbyname_r
| 
| /* Override any GCC internal prototype to avoid an error.
|    Use char because int might match the return type of a GCC
|    builtin and then its argument prototype would still apply.  */
| #ifdef __cplusplus
| extern "C"
| #endif
| char gethostbyname_r ();
| /* The GNU C library defines this for functions which it implements
|     to always fail with ENOSYS.  Some functions are actually named
|     something starting with __ and the normal name is an alias.  */
| #if defined __stub_gethostbyname_r || defined __stub___gethostbyname_r
| choke me
| #endif
| 
| int
| main (void)
| {
| return gethostbyname_r ();
|   ;
|   return 0;
| }
configure:7253: result: no
configure:7260: checking for GNU libc compatible malloc
configure:7292: gcc -o conftest -Wno-deprecated-declarations   conftest.c  >&5
configure:7292: $? = 0
configure:7292: ./conftest
configure:7292: $? = 0
configure:7303: result: yes
configure:7376: checking for disable namespaces in library
configure:7379: result: no
configure:7399: checking for enable xlocale usage in library
configure:7406: result: no
configure:7422: checking for disable c locale usage in library
configure:7425: result: no
configure:7445: checking for enable ipv6 in library
configure:7452: result: no
configure:7468: checking for enable ipv6-v6only in library
configure:7475: result: no
configure:7518: checking for disable openssl in library
configure:7521: result: no
configure:7523: checking for enable gnutls in library
configure:7534: result: no
configure:7742: checking that generated files are newer than configure
configure:7748: result: done
configure:7787: creating ./config.status

## ---------------------- ##
## Running config.status. ##
## ---------------------- ##

This file was extended by gsoap config.status 2.8, which was
generated by GNU Autoconf 2.71.  Invocation command line was

  CONFIG_FILES    = 
  CONFIG_HEADERS  = 
  CONFIG_LINKS    = 
  CONFIG_COMMANDS = 
  $ ./config.status 

on RE.local

config.status:1018: creating Makefile
config.status:1018: creating gsoap.pc
config.status:1018: creating gsoap++.pc
config.status:1018: creating gsoapck.pc
config.status:1018: creating gsoapck++.pc
config.status:1018: creating gsoapssl.pc
config.status:1018: creating gsoapssl++.pc
config.status:1018: creating gsoap/Makefile
config.status:1018: creating gsoap/src/Makefile
config.status:1018: creating gsoap/wsdl/Makefile
config.status:1018: creating gsoap/samples/Makefile
config.status:1018: creating gsoap/samples/autotest/Makefile
config.status:1018: creating gsoap/samples/aws/Makefile
config.status:1018: creating gsoap/samples/calc/Makefile
config.status:1018: creating gsoap/samples/calc++/Makefile
config.status:1018: creating gsoap/samples/chaining/Makefile
config.status:1018: creating gsoap/samples/chaining++/Makefile
config.status:1018: creating gsoap/samples/databinding/Makefile
config.status:1018: creating gsoap/samples/dime/Makefile
config.status:1018: creating gsoap/samples/dom/Makefile
config.status:1018: creating gsoap/samples/oneway/Makefile
config.status:1018: creating gsoap/samples/oneway++/Makefile
config.status:1018: creating gsoap/samples/factory/Makefile
config.status:1018: creating gsoap/samples/factorytest/Makefile
config.status:1018: creating gsoap/samples/gmt/Makefile
config.status:1018: creating gsoap/samples/googleapi/Makefile
config.status:1018: creating gsoap/samples/hello/Makefile
config.status:1018: creating gsoap/samples/httpcookies/Makefile
config.status:1018: creating gsoap/samples/lu/Makefile
config.status:1018: creating gsoap/samples/magic/Makefile
config.status:1018: creating gsoap/samples/mashup/Makefile
config.status:1018: creating gsoap/samples/mashup++/Makefile
config.status:1018: creating gsoap/samples/mtom/Makefile
config.status:1018: creating gsoap/samples/mtom-stream/Makefile
config.status:1018: creating gsoap/samples/polytest/Makefile
config.status:1018: creating gsoap/samples/primes/Makefile
config.status:1018: creating gsoap/samples/roll/Makefile
config.status:1018: creating gsoap/samples/router/Makefile
config.status:1018: creating gsoap/samples/atom/Makefile
config.status:1018: creating gsoap/samples/rss/Makefile
config.status:1018: creating gsoap/samples/ssl/Makefile
config.status:1018: creating gsoap/samples/template/Makefile
config.status:1018: creating gsoap/samples/udp/Makefile
config.status:1018: creating gsoap/samples/varparam/Makefile
config.status:1018: creating gsoap/samples/wsa/Makefile
config.status:1018: creating gsoap/samples/wsrm/Makefile
config.status:1018: creating gsoap/samples/wsse/Makefile
config.status:1018: creating gsoap/samples/wst/Makefile
config.status:1018: creating gsoap/samples/xml-rpc-json/Makefile
config.status:1018: creating gsoap/samples/rest/Makefile
config.status:1018: creating gsoap/samples/testmsgr/Makefile
config.status:1018: creating gsoap/samples/async/Makefile
config.status:1018: creating config.h
config.status:1199: config.h is unchanged
config.status:1247: executing depfiles commands
config.status:1324: cd gsoap       && sed -e '/# am--include-marker/d' Makefile         | make -f - am--depfiles
make: Nothing to be done for `am--depfiles'.
config.status:1329: $? = 0
config.status:1324: cd gsoap/src       && sed -e '/# am--include-marker/d' Makefile         | make -f - am--depfiles
make: Nothing to be done for `am--depfiles'.
config.status:1329: $? = 0
config.status:1324: cd gsoap/wsdl       && sed -e '/# am--include-marker/d' Makefile         | make -f - am--depfiles
make: Nothing to be done for `am--depfiles'.
config.status:1329: $? = 0
config.status:1324: cd gsoap/samples/autotest       && sed -e '/# am--include-marker/d' Makefile         | make -f - am--depfiles
make: Nothing to be done for `am--depfiles'.
config.status:1329: $? = 0
config.status:1324: cd gsoap/samples/aws       && sed -e '/# am--include-marker/d' Makefile         | make -f - am--depfiles
make: Nothing to be done for `am--depfiles'.
config.status:1329: $? = 0
config.status:1324: cd gsoap/samples/calc       && sed -e '/# am--include-marker/d' Makefile         | make -f - am--depfiles
make: Nothing to be done for `am--depfiles'.
config.status:1329: $? = 0
config.status:1324: cd gsoap/samples/calc++       && sed -e '/# am--include-marker/d' Makefile         | make -f - am--depfiles
make: Nothing to be done for `am--depfiles'.
config.status:1329: $? = 0
config.status:1324: cd gsoap/samples/chaining       && sed -e '/# am--include-marker/d' Makefile         | make -f - am--depfiles
make: Nothing to be done for `am--depfiles'.
config.status:1329: $? = 0
config.status:1324: cd gsoap/samples/chaining++       && sed -e '/# am--include-marker/d' Makefile         | make -f - am--depfiles
make: Nothing to be done for `am--depfiles'.
config.status:1329: $? = 0
config.status:1324: cd gsoap/samples/databinding       && sed -e '/# am--include-marker/d' Makefile         | make -f - am--depfiles
make: Nothing to be done for `am--depfiles'.
config.status:1329: $? = 0
config.status:1324: cd gsoap/samples/dime       && sed -e '/# am--include-marker/d' Makefile         | make -f - am--depfiles
make: Nothing to be done for `am--depfiles'.
config.status:1329: $? = 0
config.status:1324: cd gsoap/samples/dom       && sed -e '/# am--include-marker/d' Makefile         | make -f - am--depfiles
make: Nothing to be done for `am--depfiles'.
config.status:1329: $? = 0
config.status:1324: cd gsoap/samples/oneway       && sed -e '/# am--include-marker/d' Makefile         | make -f - am--depfiles
make: Nothing to be done for `am--depfiles'.
config.status:1329: $? = 0
config.status:1324: cd gsoap/samples/oneway++       && sed -e '/# am--include-marker/d' Makefile         | make -f - am--depfiles
make: Nothing to be done for `am--depfiles'.
config.status:1329: $? = 0
config.status:1324: cd gsoap/samples/factory       && sed -e '/# am--include-marker/d' Makefile         | make -f - am--depfiles
make: Nothing to be done for `am--depfiles'.
config.status:1329: $? = 0
config.status:1324: cd gsoap/samples/factorytest       && sed -e '/# am--include-marker/d' Makefile         | make -f - am--depfiles
make: Nothing to be done for `am--depfiles'.
config.status:1329: $? = 0
config.status:1324: cd gsoap/samples/gmt       && sed -e '/# am--include-marker/d' Makefile         | make -f - am--depfiles
make: Nothing to be done for `am--depfiles'.
config.status:1329: $? = 0
config.status:1324: cd gsoap/samples/googleapi       && sed -e '/# am--include-marker/d' Makefile         | make -f - am--depfiles
/var/folders/7t/y2r1g93d2b94c8dkhn_w4c9w0000gn/T/Gm9BbtWC:645: warning: overriding commands for target `soapC.cpp'
/var/folders/7t/y2r1g93d2b94c8dkhn_w4c9w0000gn/T/Gm9BbtWC:642: warning: ignoring old commands for target `soapC.cpp'
make: Nothing to be done for `am--depfiles'.
config.status:1329: $? = 0
config.status:1324: cd gsoap/samples/hello       && sed -e '/# am--include-marker/d' Makefile         | make -f - am--depfiles
make: Nothing to be done for `am--depfiles'.
config.status:1329: $? = 0
config.status:1324: cd gsoap/samples/httpcookies       && sed -e '/# am--include-marker/d' Makefile         | make -f - am--depfiles
make: Nothing to be done for `am--depfiles'.
config.status:1329: $? = 0
config.status:1324: cd gsoap/samples/lu       && sed -e '/# am--include-marker/d' Makefile         | make -f - am--depfiles
make: Nothing to be done for `am--depfiles'.
config.status:1329: $? = 0
config.status:1324: cd gsoap/samples/magic       && sed -e '/# am--include-marker/d' Makefile         | make -f - am--depfiles
make: Nothing to be done for `am--depfiles'.
config.status:1329: $? = 0
config.status:1324: cd gsoap/samples/mashup       && sed -e '/# am--include-marker/d' Makefile         | make -f - am--depfiles
make: Nothing to be done for `am--depfiles'.
config.status:1329: $? = 0
config.status:1324: cd gsoap/samples/mashup++       && sed -e '/# am--include-marker/d' Makefile         | make -f - am--depfiles
make: Nothing to be done for `am--depfiles'.
config.status:1329: $? = 0
config.status:1324: cd gsoap/samples/mtom       && sed -e '/# am--include-marker/d' Makefile         | make -f - am--depfiles
make: Nothing to be done for `am--depfiles'.
config.status:1329: $? = 0
config.status:1324: cd gsoap/samples/mtom-stream       && sed -e '/# am--include-marker/d' Makefile         | make -f - am--depfiles
make: Nothing to be done for `am--depfiles'.
config.status:1329: $? = 0
config.status:1324: cd gsoap/samples/polytest       && sed -e '/# am--include-marker/d' Makefile         | make -f - am--depfiles
make: Nothing to be done for `am--depfiles'.
config.status:1329: $? = 0
config.status:1324: cd gsoap/samples/primes       && sed -e '/# am--include-marker/d' Makefile         | make -f - am--depfiles
make: Nothing to be done for `am--depfiles'.
config.status:1329: $? = 0
config.status:1324: cd gsoap/samples/roll       && sed -e '/# am--include-marker/d' Makefile         | make -f - am--depfiles
make: Nothing to be done for `am--depfiles'.
config.status:1329: $? = 0
config.status:1324: cd gsoap/samples/router       && sed -e '/# am--include-marker/d' Makefile         | make -f - am--depfiles
make: Nothing to be done for `am--depfiles'.
config.status:1329: $? = 0
config.status:1324: cd gsoap/samples/atom       && sed -e '/# am--include-marker/d' Makefile         | make -f - am--depfiles
make: Nothing to be done for `am--depfiles'.
config.status:1329: $? = 0
config.status:1324: cd gsoap/samples/rss       && sed -e '/# am--include-marker/d' Makefile         | make -f - am--depfiles
make: Nothing to be done for `am--depfiles'.
config.status:1329: $? = 0
config.status:1324: cd gsoap/samples/ssl       && sed -e '/# am--include-marker/d' Makefile         | make -f - am--depfiles
make: Nothing to be done for `am--depfiles'.
config.status:1329: $? = 0
config.status:1324: cd gsoap/samples/template       && sed -e '/# am--include-marker/d' Makefile         | make -f - am--depfiles
make: Nothing to be done for `am--depfiles'.
config.status:1329: $? = 0
config.status:1324: cd gsoap/samples/udp       && sed -e '/# am--include-marker/d' Makefile         | make -f - am--depfiles
make: Nothing to be done for `am--depfiles'.
config.status:1329: $? = 0
config.status:1324: cd gsoap/samples/varparam       && sed -e '/# am--include-marker/d' Makefile         | make -f - am--depfiles
make: Nothing to be done for `am--depfiles'.
config.status:1329: $? = 0
config.status:1324: cd gsoap/samples/wsa       && sed -e '/# am--include-marker/d' Makefile         | make -f - am--depfiles
make: Nothing to be done for `am--depfiles'.
config.status:1329: $? = 0
config.status:1324: cd gsoap/samples/wsrm       && sed -e '/# am--include-marker/d' Makefile         | make -f - am--depfiles
make: Nothing to be done for `am--depfiles'.
config.status:1329: $? = 0
config.status:1324: cd gsoap/samples/wsse       && sed -e '/# am--include-marker/d' Makefile         | make -f - am--depfiles
make: Nothing to be done for `am--depfiles'.
config.status:1329: $? = 0
config.status:1324: cd gsoap/samples/wst       && sed -e '/# am--include-marker/d' Makefile         | make -f - am--depfiles
make: Nothing to be done for `am--depfiles'.
config.status:1329: $? = 0
config.status:1324: cd gsoap/samples/xml-rpc-json       && sed -e '/# am--include-marker/d' Makefile         | make -f - am--depfiles
make: Nothing to be done for `am--depfiles'.
config.status:1329: $? = 0
config.status:1324: cd gsoap/samples/rest       && sed -e '/# am--include-marker/d' Makefile         | make -f - am--depfiles
make: Nothing to be done for `am--depfiles'.
config.status:1329: $? = 0
config.status:1324: cd gsoap/samples/testmsgr       && sed -e '/# am--include-marker/d' Makefile         | make -f - am--depfiles
make: Nothing to be done for `am--depfiles'.
config.status:1329: $? = 0
config.status:1324: cd gsoap/samples/async       && sed -e '/# am--include-marker/d' Makefile         | make -f - am--depfiles
make: Nothing to be done for `am--depfiles'.
config.status:1329: $? = 0

## ---------------- ##
## Cache variables. ##
## ---------------- ##

ac_cv_build=arm-apple-darwin21.6.0
ac_cv_c_compiler_gnu=yes
ac_cv_c_const=yes
ac_cv_cxx_compiler_gnu=yes
ac_cv_env_CCC_set=
ac_cv_env_CCC_value=
ac_cv_env_CC_set=
ac_cv_env_CC_value=
ac_cv_env_CFLAGS_set=
ac_cv_env_CFLAGS_value=
ac_cv_env_CPPFLAGS_set=
ac_cv_env_CPPFLAGS_value=
ac_cv_env_CPP_set=
ac_cv_env_CPP_value=
ac_cv_env_CXXFLAGS_set=
ac_cv_env_CXXFLAGS_value=
ac_cv_env_CXX_set=
ac_cv_env_CXX_value=
ac_cv_env_LDFLAGS_set=
ac_cv_env_LDFLAGS_value=
ac_cv_env_LIBS_set=
ac_cv_env_LIBS_value=
ac_cv_env_YACC_set=
ac_cv_env_YACC_value=
ac_cv_env_YFLAGS_set=
ac_cv_env_YFLAGS_value=
ac_cv_env_build_alias_set=
ac_cv_env_build_alias_value=
ac_cv_env_host_alias_set=
ac_cv_env_host_alias_value=
ac_cv_env_target_alias_set=
ac_cv_env_target_alias_value=
ac_cv_func_alarm=yes
ac_cv_func_asctime=yes
ac_cv_func_asctime_r=yes
ac_cv_func_freelocale=yes
ac_cv_func_ftime=yes
ac_cv_func_gethostbyname_r=no
ac_cv_func_gettimeofday=yes
ac_cv_func_gmtime=yes
ac_cv_func_gmtime_r=yes
ac_cv_func_isinf=yes
ac_cv_func_isnan=yes
ac_cv_func_localtime_r=yes
ac_cv_func_malloc_0_nonnull=yes
ac_cv_func_memset=yes
ac_cv_func_newlocale=yes
ac_cv_func_poll=yes
ac_cv_func_random=yes
ac_cv_func_select=yes
ac_cv_func_snprintf=yes
ac_cv_func_socket=yes
ac_cv_func_sprintf_l=yes
ac_cv_func_sscanf=yes
ac_cv_func_sscanf_l=yes
ac_cv_func_strchr=yes
ac_cv_func_strerror=yes
ac_cv_func_strerror_r=yes
ac_cv_func_strftime=yes
ac_cv_func_strlcat=yes
ac_cv_func_strlcpy=yes
ac_cv_func_strrchr=yes
ac_cv_func_strstr=yes
ac_cv_func_strtod=yes
ac_cv_func_strtod_l=yes
ac_cv_func_strtof=yes
ac_cv_func_strtof_l=yes
ac_cv_func_strtol=yes
ac_cv_func_strtold=yes
ac_cv_func_strtold_l=yes
ac_cv_func_strtoll=yes
ac_cv_func_strtoul=yes
ac_cv_func_strtoull=yes
ac_cv_func_timegm=yes
ac_cv_func_uselocale=yes
ac_cv_func_working_mktime=no
ac_cv_header_arpa_inet_h=yes
ac_cv_header_ctype_h=yes
ac_cv_header_errno_h=yes
ac_cv_header_fcntl_h=yes
ac_cv_header_float_h=yes
ac_cv_header_gnutls_gnutls_h=no
ac_cv_header_inttypes_h=yes
ac_cv_header_limits_h=yes
ac_cv_header_locale_h=yes
ac_cv_header_math_h=yes
ac_cv_header_netdb_h=yes
ac_cv_header_netinet_in_h=yes
ac_cv_header_openssl_ssl_h=no
ac_cv_header_poll_h=yes
ac_cv_header_stdint_h=yes
ac_cv_header_stdio_h=yes
ac_cv_header_stdlib_h=yes
ac_cv_header_string_h=yes
ac_cv_header_strings_h=yes
ac_cv_header_sys_inttypes_h=no
ac_cv_header_sys_socket_h=yes
ac_cv_header_sys_stat_h=yes
ac_cv_header_sys_time_h=yes
ac_cv_header_sys_timeb_h=yes
ac_cv_header_sys_types_h=yes
ac_cv_header_time_h=yes
ac_cv_header_unistd_h=yes
ac_cv_header_xlocale_h=yes
ac_cv_header_zlib_h=yes
ac_cv_host=arm-apple-darwin21.6.0
ac_cv_lib_lex='none needed'
ac_cv_member_struct_tm___tm_gmtoff=no
ac_cv_member_struct_tm_tm_gmtoff=yes
ac_cv_objext=o
ac_cv_path_install='/opt/local/bin/ginstall -c'
ac_cv_path_mkdir=/opt/local/bin/gmkdir
ac_cv_prog_AWK=awk
ac_cv_prog_CPP='gcc -E'
ac_cv_prog_LEX=flex
ac_cv_prog_YACC='bison -y'
ac_cv_prog_ac_ct_AR=ar
ac_cv_prog_ac_ct_CC=gcc
ac_cv_prog_ac_ct_CXX=g++
ac_cv_prog_ac_ct_RANLIB=ranlib
ac_cv_prog_cc_c11=
ac_cv_prog_cc_g=yes
ac_cv_prog_cc_stdc=
ac_cv_prog_cxx_11=no
ac_cv_prog_cxx_g=yes
ac_cv_prog_cxx_stdcxx=
ac_cv_prog_lex_root=lex.yy
ac_cv_prog_lex_yytext_pointer=yes
ac_cv_prog_make_make_set=yes
ac_cv_search_yywrap=-ll
ac_cv_struct_tm=time.h
ac_cv_type_size_t=yes
ac_cv_type_socklen_t=yes
am_cv_CC_dependencies_compiler_type=gcc3
am_cv_CXX_dependencies_compiler_type=gcc3
am_cv_make_support_nested_variables=yes
am_cv_prog_cc_c_o=yes

## ----------------- ##
## Output variables. ##
## ----------------- ##

ACLOCAL='${SHELL} '\''/Users/engelen/Projects/gsoap/packages/gsoap-2.8/missing'\'' aclocal-1.16'
AMDEPBACKSLASH='\'
AMDEP_FALSE='#'
AMDEP_TRUE=''
AMTAR='$${TAR-tar}'
AM_BACKSLASH='\'
AM_DEFAULT_V='$(AM_DEFAULT_VERBOSITY)'
AM_DEFAULT_VERBOSITY='1'
AM_V='$(V)'
AR='ar'
AUTOCONF='${SHELL} '\''/Users/engelen/Projects/gsoap/packages/gsoap-2.8/missing'\'' autoconf'
AUTOHEADER='${SHELL} '\''/Users/engelen/Projects/gsoap/packages/gsoap-2.8/missing'\'' autoheader'
AUTOMAKE='${SHELL} '\''/Users/engelen/Projects/gsoap/packages/gsoap-2.8/missing'\'' automake-1.16'
AWK='awk'
BISON_DEFINE='-DWITH_BISON'
CC='gcc'
CCDEPMODE='depmode=gcc3'
CFLAGS='-Wno-deprecated-declarations'
CPP='gcc -E'
CPPFLAGS=''
CSCOPE='cscope'
CTAGS='ctags'
CXX='g++'
CXXDEPMODE='depmode=gcc3'
CXXFLAGS='-Wno-deprecated-declarations'
CYGPATH_W='echo'
DEBUG_COMPILE_FALSE=''
DEBUG_COMPILE_TRUE='#'
DEFS='-DHAVE_CONFIG_H'
DEPDIR='.deps'
ECHO_C='\c'
ECHO_N=''
ECHO_T=''
ENABLE_SAMPLES=''
ENABLE_SAMPLES_FALSE=''
ENABLE_SAMPLES_TRUE='#'
ETAGS='etags'
EXEEXT=''
INSTALL_DATA='${INSTALL} -m 644'
INSTALL_PROGRAM='${INSTALL}'
INSTALL_SCRIPT='${INSTALL}'
INSTALL_STRIP_PROGRAM='$(install_sh) -c -s'
LDFLAGS=''
LEX='flex'
LEXLIB='-ll '
LEX_DEFINE='-DWITH_FLEX'
LEX_FLAGS='-l'
LEX_OUTPUT_ROOT='lex.yy'
LIBOBJS=' ${LIBOBJDIR}mktime$U.o'
LIBS=''
LN_S='ln -s'
LTLIBOBJS=' ${LIBOBJDIR}mktime$U.lo'
MAKEINFO='${SHELL} '\''/Users/engelen/Projects/gsoap/packages/gsoap-2.8/missing'\'' makeinfo'
MKDIR_P='/opt/local/bin/gmkdir -p'
OBJEXT='o'
PACKAGE='gsoap'
PACKAGE_BUGREPORT=''
PACKAGE_NAME='gsoap'
PACKAGE_STRING='gsoap 2.8'
PACKAGE_TARNAME='gsoap'
PACKAGE_URL=''
PACKAGE_VERSION='2.8'
PATH_SEPARATOR=':'
RANLIB='ranlib'
SAMPLE_DIRS=''
SAMPLE_EXTRA_LIBS='-lm'
SAMPLE_INCLUDES='-I/opt/local/include'
SAMPLE_SSL_LIBS='-L/opt/local/lib -lssl -lcrypto -lz'
SET_MAKE=''
SHELL='/bin/sh'
SOAPCPP2_DEBUG=''
SOAPCPP2_IMPORTPATH='-DSOAPCPP2_IMPORT_PATH="\"${datarootdir}/gsoap/import\""'
SOAPCPP2_INCLUDE_XLOCALE=''
SOAPCPP2_IPV6=''
SOAPCPP2_IPV6_V6ONLY=''
SOAPCPP2_NONAMESPACES=''
SOAPCPP2_NO_C_LOCALE=''
STRIP=''
VERSION='2.8'
WITH_OPENSSL_FALSE='#'
WITH_OPENSSL_TRUE=''
WSDL2H_EXTRA_FLAGS='-I/opt/local/include -DWITH_OPENSSL -DWITH_GZIP'
WSDL2H_EXTRA_LIBS='-L/opt/local/lib  -lssl -lcrypto -lz'
WSDL2H_IMPORTPATH='-DWSDL2H_IMPORT_PATH="\"${datarootdir}/gsoap/WS\""'
WSDL2H_SOAP_CPP_LIB='libgsoapssl++.a'
YACC='bison -y'
YACC_LIB=''
YFLAGS=''
ac_ct_CC='gcc'
ac_ct_CXX='g++'
am__EXEEXT_FALSE=''
am__EXEEXT_TRUE='#'
am__fastdepCC_FALSE='#'
am__fastdepCC_TRUE=''
am__fastdepCXX_FALSE='#'
am__fastdepCXX_TRUE=''
am__include='include'
am__isrc=''
am__leading_dot='.'
am__nodep='_no'
am__quote=''
am__tar='$${TAR-tar} chof - "$$tardir"'
am__untar='$${TAR-tar} xf -'
bindir='${exec_prefix}/bin'
build='arm-apple-darwin21.6.0'
build_alias=''
build_cpu='arm'
build_os='darwin21.6.0'
build_vendor='apple'
datadir='${datarootdir}'
datarootdir='${prefix}/share'
docdir='${datarootdir}/doc/${PACKAGE_TARNAME}'
dvidir='${docdir}'
exec_prefix='${prefix}'
host='arm-apple-darwin21.6.0'
host_alias=''
host_cpu='arm'
host_os='darwin21.6.0'
host_vendor='apple'
htmldir='${docdir}'
includedir='${prefix}/include'
infodir='${datarootdir}/info'
install_sh='${SHELL} /Users/engelen/Projects/gsoap/packages/gsoap-2.8/install-sh'
libdir='${exec_prefix}/lib'
libexecdir='${exec_prefix}/libexec'
localedir='${datarootdir}/locale'
localstatedir='${prefix}/var'
mandir='${datarootdir}/man'
mkdir_p='$(MKDIR_P)'
oldincludedir='/usr/include'
pdfdir='${docdir}'
platform='MACOSX'
prefix='/usr/local'
program_transform_name='s,x,x,'
psdir='${docdir}'
runstatedir='${localstatedir}/run'
sbindir='${exec_prefix}/sbin'
sharedstatedir='${prefix}/com'
sysconfdir='${prefix}/etc'
target_alias=''

## ----------- ##
## confdefs.h. ##
## ----------- ##

/* confdefs.h */
#define PACKAGE_NAME "gsoap"
#define PACKAGE_TARNAME "gsoap"
#define PACKAGE_VERSION "2.8"
#define PACKAGE_STRING "gsoap 2.8"
#define PACKAGE_BUGREPORT ""
#define PACKAGE_URL ""
#define PACKAGE "gsoap"
#define VERSION "2.8"
#define YYTEXT_POINTER 1
#define HAVE_STDIO_H 1
#define HAVE_STDLIB_H 1
#define HAVE_STRING_H 1
#define HAVE_INTTYPES_H 1
#define HAVE_STDINT_H 1
#define HAVE_STRINGS_H 1
#define HAVE_SYS_STAT_H 1
#define HAVE_SYS_TYPES_H 1
#define HAVE_UNISTD_H 1
#define HAVE_SYS_TIME_H 1
#define STDC_HEADERS 1
#define HAVE_ARPA_INET_H 1
#define HAVE_LOCALE_H 1
#define HAVE_XLOCALE_H 1
#define HAVE_ERRNO_H 1
#define HAVE_FCNTL_H 1
#define HAVE_CTYPE_H 1
#define HAVE_LIMITS_H 1
#define HAVE_FLOAT_H 1
#define HAVE_MATH_H 1
#define HAVE_NETDB_H 1
#define HAVE_NETINET_IN_H 1
#define HAVE_STDLIB_H 1
#define HAVE_STRING_H 1
#define HAVE_STRINGS_H 1
#define HAVE_STDINT_H 1
#define HAVE_INTTYPES_H 1
#define HAVE_TIME_H 1
#define HAVE_SYS_SOCKET_H 1
#define HAVE_SYS_TYPES_H 1
#define HAVE_SYS_TIME_H 1
#define HAVE_SYS_TIMEB_H 1
#define HAVE_UNISTD_H 1
#define HAVE_POLL_H 1
#define HAVE_ZLIB_H 1
#define HAVE_SOCKLEN_T 1
#define HAVE_STRUCT_TM_TM_GMTOFF 1
#define HAVE_ALARM 1
#define HAVE_STRFTIME 1
#define HAVE_RANDOM 1
#define HAVE_GETTIMEOFDAY 1
#define HAVE_FTIME 1
#define HAVE_LOCALTIME_R 1
#define HAVE_TIMEGM 1
#define HAVE_GMTIME 1
#define HAVE_GMTIME_R 1
#define HAVE_ASCTIME 1
#define HAVE_ASCTIME_R 1
#define HAVE_MEMSET 1
#define HAVE_SELECT 1
#define HAVE_SOCKET 1
#define HAVE_SNPRINTF 1
#define HAVE_STRCHR 1
#define HAVE_STRERROR 1
#define HAVE_STRERROR_R 1
#define HAVE_STRLCPY 1
#define HAVE_STRLCAT 1
#define HAVE_STRRCHR 1
#define HAVE_STRSTR 1
#define HAVE_STRTOL 1
#define HAVE_STRTOUL 1
#define HAVE_STRTOLL 1
#define HAVE_STRTOULL 1
#define HAVE_STRTOLD 1
#define HAVE_STRTOD 1
#define HAVE_STRTOF 1
#define HAVE_STRTOLD_L 1
#define HAVE_STRTOD_L 1
#define HAVE_STRTOF_L 1
#define HAVE_SSCANF 1
#define HAVE_SSCANF_L 1
#define HAVE_SNPRINTF 1
#define HAVE_SPRINTF_L 1
#define HAVE_POLL 1
#define HAVE_NEWLOCALE 1
#define HAVE_USELOCALE 1
#define HAVE_FREELOCALE 1
#define HAVE_ISNAN 1
#define HAVE_ISINF 1
#define HAVE_MALLOC 1

configure: exit 0
